<?xml version="1.0" encoding="UTF-8"?>
<testsuite name="org.openpaas.servicebroker.apiplatform.test.CatalogRestTest" tests="12" skipped="0" failures="0" errors="0" timestamp="2015-07-24T04:13:59" hostname="김도준-HP" time="0.578">
  <properties/>
  <testcase name="C001_getCatalogTest_noUser" classname="org.openpaas.servicebroker.apiplatform.test.CatalogRestTest" time="0.046"/>
  <testcase name="C002_getCatalogTest_invalidUser" classname="org.openpaas.servicebroker.apiplatform.test.CatalogRestTest" time="0.016"/>
  <testcase name="C003_getCatalogTest_correctUser" classname="org.openpaas.servicebroker.apiplatform.test.CatalogRestTest" time="0.172"/>
  <testcase name="C004_getCatalogTest_invalidPassword" classname="org.openpaas.servicebroker.apiplatform.test.CatalogRestTest" time="0.016"/>
  <testcase name="C005_getCatalogTest_incorrectAPIVersion" classname="org.openpaas.servicebroker.apiplatform.test.CatalogRestTest" time="0.015"/>
  <testcase name="C006_getCatalogTest_validCatalog" classname="org.openpaas.servicebroker.apiplatform.test.CatalogRestTest" time="0.156"/>
  <testcase name="C007_getCatalogTest_methodPOST" classname="org.openpaas.servicebroker.apiplatform.test.CatalogRestTest" time="0.033"/>
  <testcase name="C008_getCatalogTest_methodPUT" classname="org.openpaas.servicebroker.apiplatform.test.CatalogRestTest" time="0.015"/>
  <testcase name="C009_getCatalogTest_methodDELETE" classname="org.openpaas.servicebroker.apiplatform.test.CatalogRestTest" time="0.031"/>
  <testcase name="C010_getCatalogTest_methodPATCH" classname="org.openpaas.servicebroker.apiplatform.test.CatalogRestTest" time="0.0"/>
  <testcase name="C011_getCatalogTest_methodOPTIONS" classname="org.openpaas.servicebroker.apiplatform.test.CatalogRestTest" time="0.032"/>
  <testcase name="C012_getCatalogTest_methodHEAD" classname="org.openpaas.servicebroker.apiplatform.test.CatalogRestTest" time="0.031"/>
  <system-out><![CDATA[== Started test Catalog API ==
Start - C001_getCatalogTest_noUser
2015-07-24 13:13:59.780 DEBUG   --- [    Test worker] o.s.web.client.RestTemplate              : Created GET request for "http://localhost:8080/v2/catalog"
2015-07-24 13:13:59.780 DEBUG   --- [    Test worker] o.s.web.client.RestTemplate              : Setting request Accept header to [text/plain, application/json, application/*+json, */*]
2015-07-24 13:13:59.780 DEBUG   --- [    Test worker] o.s.web.client.RestTemplate              : Writing [] as "application/json" using [org.springframework.http.converter.StringHttpMessageConverter@7cdf4069]
2015-07-24 13:13:59.780 DEBUG   --- [    Test worker] o.s.web.client.RestTemplate              : GET request for "http://localhost:8080/v2/catalog" resulted in 401 (Unauthorized)
2015-07-24 13:13:59.780 DEBUG   --- [    Test worker] o.s.web.client.RestTemplate              : Reading [java.lang.String] as "application/json;charset=UTF-8" using [org.springframework.http.converter.StringHttpMessageConverter@7cdf4069]
2015-07-24 13:13:59.795  INFO   --- [    Test worker] o.o.s.common.HttpClientUtils             : Get APIPlatform API Http Response
{"timestamp":1437711239780,"status":401,"error":"Unauthorized","message":"Full authentication is required to access this resource","path":"/v2/catalog"}
End - C001_getCatalogTest_noUser
Start - C002_getCatalogTest_invalidUser
2015-07-24 13:13:59.795 DEBUG   --- [    Test worker] o.s.web.client.RestTemplate              : Created GET request for "http://localhost:8080/v2/catalog"
2015-07-24 13:13:59.795 DEBUG   --- [    Test worker] o.s.web.client.RestTemplate              : Setting request Accept header to [text/plain, application/json, application/*+json, */*]
2015-07-24 13:13:59.811 DEBUG   --- [    Test worker] o.s.web.client.RestTemplate              : Writing [] as "application/json" using [org.springframework.http.converter.StringHttpMessageConverter@5cf31ec6]
2015-07-24 13:13:59.811 DEBUG   --- [    Test worker] o.s.web.client.RestTemplate              : GET request for "http://localhost:8080/v2/catalog" resulted in 401 (Unauthorized)
2015-07-24 13:13:59.811 DEBUG   --- [    Test worker] o.s.web.client.RestTemplate              : Reading [java.lang.String] as "application/json;charset=UTF-8" using [org.springframework.http.converter.StringHttpMessageConverter@5cf31ec6]
2015-07-24 13:13:59.811  INFO   --- [    Test worker] o.o.s.common.HttpClientUtils             : Get APIPlatform API Http Response
{"timestamp":1437711239811,"status":401,"error":"Unauthorized","message":"Bad credentials","path":"/v2/catalog"}
2015-07-24 13:13:59.811  INFO   --- [    Test worker] o.o.servicebroker.common.JsonUtils       : Json Convert completed
End - C002_getCatalogTest_invalidUser
Start - C003_getCatalogTest_correctUser
2015-07-24 13:13:59.827 DEBUG   --- [    Test worker] o.s.web.client.RestTemplate              : Created GET request for "http://localhost:8080/v2/catalog"
2015-07-24 13:13:59.827 DEBUG   --- [    Test worker] o.s.web.client.RestTemplate              : Setting request Accept header to [text/plain, application/json, application/*+json, */*]
2015-07-24 13:13:59.827 DEBUG   --- [    Test worker] o.s.web.client.RestTemplate              : Writing [] as "application/json" using [org.springframework.http.converter.StringHttpMessageConverter@5d6988d6]
2015-07-24 13:13:59.983 DEBUG   --- [    Test worker] o.s.web.client.RestTemplate              : GET request for "http://localhost:8080/v2/catalog" resulted in 200 (OK)
2015-07-24 13:13:59.983 DEBUG   --- [    Test worker] o.s.web.client.RestTemplate              : Reading [java.lang.String] as "application/json;charset=UTF-8" using [org.springframework.http.converter.StringHttpMessageConverter@5d6988d6]
2015-07-24 13:13:59.983  INFO   --- [    Test worker] o.o.s.common.HttpClientUtils             : Get APIPlatform API Http Response
{"services":[{"planUpdatable":true,"id":"dorojusodb 1.0.0","name":"dorojusodb","description":"search the doro juso","bindable":true,"plan_updateable":true,"plans":[{"id":"dorojusodb 1.0.0 Unlimited","name":"Unlimited","description":"Unlimited Plan Description","metadata":{"bullets":["test value"],"costs":[{"amount":{"KRW":0.0},"unit":" "}],"displayName":"Unlimited"},"free":true},{"id":"dorojusodb 1.0.0 Bronze","name":"Bronze","description":"Bronze Plan Description","metadata":{"bullets":["test value"],"costs":[{"amount":{"KRW":0.0},"unit":" "}],"displayName":"Bronze"},"free":true}],"tags":[],"metadata":{"displayName":"dorojusodb","imageUrl":"images/api-default.png","longDescription":"longDescription","providerDisplayName":"admin","documentationUrl":"documentationUrl","supportUrl":"supportUrl"},"requires":[],"dashboard_client":null},{"planUpdatable":true,"id":"dorojusodbMgt 1.0.0","name":"dorojusodbMgt","description":"dorojusodbmgt Description","bindable":true,"plan_updateable":true,"plans":[{"id":"dorojusodbMgt 1.0.0 Unlimited","name":"Unlimited","description":"Unlimited Plan Description","metadata":{"bullets":["test value"],"costs":[{"amount":{"KRW":0.0},"unit":" "}],"displayName":"Unlimited"},"free":true},{"id":"dorojusodbMgt 1.0.0 Bronze","name":"Bronze","description":"Bronze Plan Description","metadata":{"bullets":["test value"],"costs":[{"amount":{"KRW":0.0},"unit":" "}],"displayName":"Bronze"},"free":true}],"tags":[],"metadata":{"displayName":"dorojusodbMgt","imageUrl":"images/api-default.png","longDescription":"longDescription","providerDisplayName":"admin","documentationUrl":"documentationUrl","supportUrl":"supportUrl"},"requires":[],"dashboard_client":null},{"planUpdatable":true,"id":"doro 1.0.0","name":"doro","description":"ddd","bindable":true,"plan_updateable":true,"plans":[{"id":"doro 1.0.0 Unlimited","name":"Unlimited","description":"Unlimited Plan Description","metadata":{"bullets":["test value"],"costs":[{"amount":{"KRW":0.0},"unit":" "}],"displayName":"Unlimited"},"free":true},{"id":"doro 1.0.0 Bronze","name":"Bronze","description":"Bronze Plan Description","metadata":{"bullets":["test value"],"costs":[{"amount":{"KRW":0.0},"unit":" "}],"displayName":"Bronze"},"free":true}],"tags":[],"metadata":{"displayName":"doro","imageUrl":"images/api-default.png","longDescription":"longDescription","providerDisplayName":"apicreator","documentationUrl":"documentationUrl","supportUrl":"supportUrl"},"requires":[],"dashboard_client":null},{"planUpdatable":true,"id":"DoroData 1.0.0","name":"DoroData","description":"Doro Data description","bindable":true,"plan_updateable":true,"plans":[{"id":"DoroData 1.0.0 Unlimited","name":"Unlimited","description":"Unlimited Plan Description","metadata":{"bullets":["test value"],"costs":[{"amount":{"KRW":0.0},"unit":" "}],"displayName":"Unlimited"},"free":true},{"id":"DoroData 1.0.0 Bronze","name":"Bronze","description":"Bronze Plan Description","metadata":{"bullets":["test value"],"costs":[{"amount":{"KRW":0.0},"unit":" "}],"displayName":"Bronze"},"free":true}],"tags":[],"metadata":{"displayName":"DoroData","imageUrl":"images/api-default.png","longDescription":"longDescription","providerDisplayName":"apicreator","documentationUrl":"documentationUrl","supportUrl":"supportUrl"},"requires":[],"dashboard_client":null},{"planUpdatable":true,"id":"DoroJuso 1.0.0","name":"DoroJuso","description":"Doro juso description 222","bindable":true,"plan_updateable":true,"plans":[{"id":"DoroJuso 1.0.0 Unlimited","name":"Unlimited","description":"Unlimited Plan Description","metadata":{"bullets":["test value"],"costs":[{"amount":{"KRW":0.0},"unit":" "}],"displayName":"Unlimited"},"free":true},{"id":"DoroJuso 1.0.0 Bronze","name":"Bronze","description":"Bronze Plan Description","metadata":{"bullets":["test value"],"costs":[{"amount":{"KRW":0.0},"unit":" "}],"displayName":"Bronze"},"free":true}],"tags":[],"metadata":{"displayName":"DoroJuso","imageUrl":"images/api-default.png","longDescription":"longDescription","providerDisplayName":"apicreator","documentationUrl":"documentationUrl","supportUrl":"supportUrl"},"requires":[],"dashboard_client":null},{"planUpdatable":true,"id":"Google char","name":"Google","description":"Google API","bindable":true,"plan_updateable":true,"plans":[{"id":"Google char Unlimited","name":"Unlimited","description":"Unlimited Plan Description","metadata":{"bullets":["test value"],"costs":[{"amount":{"KRW":0.0},"unit":" "}],"displayName":"Unlimited"},"free":true},{"id":"Google char Bronze","name":"Bronze","description":"Bronze Plan Description","metadata":{"bullets":["test value"],"costs":[{"amount":{"KRW":0.0},"unit":" "}],"displayName":"Bronze"},"free":true}],"tags":[],"metadata":{"displayName":"Google","imageUrl":"images/api-default.png","longDescription":"longDescription","providerDisplayName":"apicreator","documentationUrl":"documentationUrl","supportUrl":"supportUrl"},"requires":[],"dashboard_client":null},{"planUpdatable":true,"id":"Naver 1.0.0","name":"Naver","description":"Naver search description","bindable":true,"plan_updateable":true,"plans":[{"id":"Naver 1.0.0 Unlimited","name":"Unlimited","description":"Unlimited Plan Description","metadata":{"bullets":["test value"],"costs":[{"amount":{"KRW":0.0},"unit":" "}],"displayName":"Unlimited"},"free":true},{"id":"Naver 1.0.0 Bronze","name":"Bronze","description":"Bronze Plan Description","metadata":{"bullets":["test value"],"costs":[{"amount":{"KRW":0.0},"unit":" "}],"displayName":"Bronze"},"free":true}],"tags":[],"metadata":{"displayName":"Naver","imageUrl":"images/api-default.png","longDescription":"longDescription","providerDisplayName":"apicreator","documentationUrl":"documentationUrl","supportUrl":"supportUrl"},"requires":[],"dashboard_client":null}]}
2015-07-24 13:13:59.983  INFO   --- [    Test worker] o.o.servicebroker.common.JsonUtils       : Json Convert completed
End - C003_getCatalogTest_correctUser
Start - C004_getCatalogTest_invalidPassword
2015-07-24 13:13:59.998 DEBUG   --- [    Test worker] o.s.web.client.RestTemplate              : Created GET request for "http://localhost:8080/v2/catalog"
2015-07-24 13:13:59.998 DEBUG   --- [    Test worker] o.s.web.client.RestTemplate              : Setting request Accept header to [text/plain, application/json, application/*+json, */*]
2015-07-24 13:13:59.998 DEBUG   --- [    Test worker] o.s.web.client.RestTemplate              : Writing [] as "application/json" using [org.springframework.http.converter.StringHttpMessageConverter@6df3f70c]
2015-07-24 13:14:00.014 DEBUG   --- [    Test worker] o.s.web.client.RestTemplate              : GET request for "http://localhost:8080/v2/catalog" resulted in 401 (Unauthorized)
2015-07-24 13:14:00.014 DEBUG   --- [    Test worker] o.s.web.client.RestTemplate              : Reading [java.lang.String] as "application/json;charset=UTF-8" using [org.springframework.http.converter.StringHttpMessageConverter@6df3f70c]
2015-07-24 13:14:00.014  INFO   --- [    Test worker] o.o.s.common.HttpClientUtils             : Get APIPlatform API Http Response
{"timestamp":1437711240014,"status":401,"error":"Unauthorized","message":"Bad credentials","path":"/v2/catalog"}
2015-07-24 13:14:00.014  INFO   --- [    Test worker] o.o.servicebroker.common.JsonUtils       : Json Convert completed
End - C004_getCatalogTest_invalidPassword
Start - C005_getCatalogTest_incorrectAPIVersion
2015-07-24 13:14:00.029 DEBUG   --- [    Test worker] o.s.web.client.RestTemplate              : Created GET request for "http://localhost:8080/v2/catalog"
2015-07-24 13:14:00.029 DEBUG   --- [    Test worker] o.s.web.client.RestTemplate              : Setting request Accept header to [text/plain, application/json, application/*+json, */*]
2015-07-24 13:14:00.029 DEBUG   --- [    Test worker] o.s.web.client.RestTemplate              : Writing [] as "application/json" using [org.springframework.http.converter.StringHttpMessageConverter@a7139bb]
2015-07-24 13:14:00.029 DEBUG   --- [    Test worker] o.s.web.client.RestTemplate              : GET request for "http://localhost:8080/v2/catalog" resulted in 412 (Precondition Failed)
2015-07-24 13:14:00.029 DEBUG   --- [    Test worker] o.s.web.client.RestTemplate              : Reading [java.lang.String] as "application/json;charset=UTF-8" using [org.springframework.http.converter.StringHttpMessageConverter@a7139bb]
2015-07-24 13:14:00.029  INFO   --- [    Test worker] o.o.s.common.HttpClientUtils             : Get APIPlatform API Http Response
{"description":"The provided service broker API version is not supported: Expected Version = 2.4, Provided Version = 2.0"}
2015-07-24 13:14:00.029  INFO   --- [    Test worker] o.o.servicebroker.common.JsonUtils       : Json Convert completed
End - C005_getCatalogTest_incorrectAPIVersion
Start - getCatalogTest_validCatalog
2015-07-24 13:14:00.045 DEBUG   --- [    Test worker] o.s.web.client.RestTemplate              : Created GET request for "http://localhost:8080/v2/catalog"
2015-07-24 13:14:00.045 DEBUG   --- [    Test worker] o.s.web.client.RestTemplate              : Setting request Accept header to [text/plain, application/json, application/*+json, */*]
2015-07-24 13:14:00.045 DEBUG   --- [    Test worker] o.s.web.client.RestTemplate              : Writing [] as "application/json" using [org.springframework.http.converter.StringHttpMessageConverter@f852958]
2015-07-24 13:14:00.185 DEBUG   --- [    Test worker] o.s.web.client.RestTemplate              : GET request for "http://localhost:8080/v2/catalog" resulted in 200 (OK)
2015-07-24 13:14:00.185 DEBUG   --- [    Test worker] o.s.web.client.RestTemplate              : Reading [java.lang.String] as "application/json;charset=UTF-8" using [org.springframework.http.converter.StringHttpMessageConverter@f852958]
2015-07-24 13:14:00.185  INFO   --- [    Test worker] o.o.s.common.HttpClientUtils             : Get APIPlatform API Http Response
2015-07-24 13:14:00.185  INFO   --- [    Test worker] o.o.servicebroker.common.JsonUtils       : Json Convert completed
Start - valid catalog json
End - valid catalog json
End - getCatalogTest_validCatalog
Start - C007_POST
2015-07-24 13:14:00.201 DEBUG   --- [    Test worker] o.s.web.client.RestTemplate              : Created POST request for "http://localhost:8080/v2/catalog"
2015-07-24 13:14:00.201 DEBUG   --- [    Test worker] o.s.web.client.RestTemplate              : Setting request Accept header to [text/plain, application/json, application/*+json, */*]
2015-07-24 13:14:00.201 DEBUG   --- [    Test worker] o.s.web.client.RestTemplate              : Writing [] as "application/json" using [org.springframework.http.converter.StringHttpMessageConverter@6f5d585d]
2015-07-24 13:14:00.218 DEBUG   --- [    Test worker] o.s.web.client.RestTemplate              : POST request for "http://localhost:8080/v2/catalog" resulted in 405 (Method Not Allowed)
2015-07-24 13:14:00.218 DEBUG   --- [    Test worker] o.s.web.client.RestTemplate              : Reading [java.lang.String] as "application/json;charset=UTF-8" using [org.springframework.http.converter.StringHttpMessageConverter@6f5d585d]
2015-07-24 13:14:00.218  INFO   --- [    Test worker] o.o.s.common.HttpClientUtils             : Get APIPlatform API Http Response
{"timestamp":1437711240217,"status":405,"error":"Method Not Allowed","exception":"org.springframework.web.HttpRequestMethodNotSupportedException","message":"Request method 'POST' not supported","path":"/v2/catalog"}
2015-07-24 13:14:00.218  INFO   --- [    Test worker] o.o.servicebroker.common.JsonUtils       : Json Convert completed
End - C007_POST
Start - C008_PUT
2015-07-24 13:14:00.218 DEBUG   --- [    Test worker] o.s.web.client.RestTemplate              : Created PUT request for "http://localhost:8080/v2/catalog"
2015-07-24 13:14:00.218 DEBUG   --- [    Test worker] o.s.web.client.RestTemplate              : Setting request Accept header to [text/plain, application/json, application/*+json, */*]
2015-07-24 13:14:00.218 DEBUG   --- [    Test worker] o.s.web.client.RestTemplate              : Writing [] as "application/json" using [org.springframework.http.converter.StringHttpMessageConverter@59547ac9]
2015-07-24 13:14:00.233 DEBUG   --- [    Test worker] o.s.web.client.RestTemplate              : PUT request for "http://localhost:8080/v2/catalog" resulted in 405 (Method Not Allowed)
2015-07-24 13:14:00.233 DEBUG   --- [    Test worker] o.s.web.client.RestTemplate              : Reading [java.lang.String] as "application/json;charset=UTF-8" using [org.springframework.http.converter.StringHttpMessageConverter@59547ac9]
2015-07-24 13:14:00.233  INFO   --- [    Test worker] o.o.s.common.HttpClientUtils             : Get APIPlatform API Http Response
{"timestamp":1437711240233,"status":405,"error":"Method Not Allowed","exception":"org.springframework.web.HttpRequestMethodNotSupportedException","message":"Request method 'PUT' not supported","path":"/v2/catalog"}
2015-07-24 13:14:00.233  INFO   --- [    Test worker] o.o.servicebroker.common.JsonUtils       : Json Convert completed
End - C008_PUT
Start - C009_DELETE
2015-07-24 13:14:00.249 DEBUG   --- [    Test worker] o.s.web.client.RestTemplate              : Created DELETE request for "http://localhost:8080/v2/catalog"
2015-07-24 13:14:00.249 DEBUG   --- [    Test worker] o.s.web.client.RestTemplate              : Setting request Accept header to [text/plain, application/json, application/*+json, */*]
2015-07-24 13:14:00.249 DEBUG   --- [    Test worker] o.s.web.client.RestTemplate              : Writing [] as "application/json" using [org.springframework.http.converter.StringHttpMessageConverter@7c1f32f1]
2015-07-24 13:14:00.249 DEBUG   --- [    Test worker] o.s.web.client.RestTemplate              : DELETE request for "http://localhost:8080/v2/catalog" resulted in 405 (Method Not Allowed)
2015-07-24 13:14:00.264 DEBUG   --- [    Test worker] o.s.web.client.RestTemplate              : Reading [java.lang.String] as "application/json;charset=UTF-8" using [org.springframework.http.converter.StringHttpMessageConverter@7c1f32f1]
2015-07-24 13:14:00.264  INFO   --- [    Test worker] o.o.s.common.HttpClientUtils             : Get APIPlatform API Http Response
{"timestamp":1437711240249,"status":405,"error":"Method Not Allowed","exception":"org.springframework.web.HttpRequestMethodNotSupportedException","message":"Request method 'DELETE' not supported","path":"/v2/catalog"}
2015-07-24 13:14:00.264  INFO   --- [    Test worker] o.o.servicebroker.common.JsonUtils       : Json Convert completed
End - C009_DELETE
Start - C010_PATCH
I/O error on PATCH request for "http://localhost:8080/v2/catalog":Invalid HTTP method: PATCH; nested exception is java.net.ProtocolException: Invalid HTTP method: PATCH
End - C010_PATCH
Start - C11_OPTIONS
2015-07-24 13:14:00.296 DEBUG   --- [    Test worker] o.s.web.client.RestTemplate              : Created OPTIONS request for "http://localhost:8080/v2/catalog"
2015-07-24 13:14:00.296 DEBUG   --- [    Test worker] o.s.web.client.RestTemplate              : Setting request Accept header to [text/plain, application/json, application/*+json, */*]
2015-07-24 13:14:00.296 DEBUG   --- [    Test worker] o.s.web.client.RestTemplate              : Writing [ ] as "application/json" using [org.springframework.http.converter.StringHttpMessageConverter@2fa818cf]
2015-07-24 13:14:00.296 DEBUG   --- [    Test worker] o.s.web.client.RestTemplate              : OPTIONS request for "http://localhost:8080/v2/catalog" resulted in 200 (OK)
2015-07-24 13:14:00.296  INFO   --- [    Test worker] o.o.s.common.HttpClientUtils             : Get APIPlatform API Http Response
{Server=[Apache-Coyote/1.1], X-Content-Type-Options=[nosniff], X-XSS-Protection=[1; mode=block], Cache-Control=[no-cache, no-store, max-age=0, must-revalidate], Pragma=[no-cache], Expires=[0], X-Frame-Options=[DENY], Set-Cookie=[JSESSIONID=F3CB0B1E206A28EFD00873F3E12884F8; Path=/; HttpOnly], Allow=[GET, HEAD, POST, PUT, DELETE, TRACE, OPTIONS, PATCH], Content-Length=[0], Date=[Fri, 24 Jul 2015 04:13:59 GMT]}
null
200
End - C11_OPTIONS
Start - C012_HEAD
2015-07-24 13:14:00.311 DEBUG   --- [    Test worker] o.s.web.client.RestTemplate              : Created HEAD request for "http://localhost:8080/v2/catalog"
2015-07-24 13:14:00.311 DEBUG   --- [    Test worker] o.s.web.client.RestTemplate              : Setting request Accept header to [text/plain, application/json, application/*+json, */*]
2015-07-24 13:14:00.311 DEBUG   --- [    Test worker] o.s.web.client.RestTemplate              : Writing [] as "application/json" using [org.springframework.http.converter.StringHttpMessageConverter@44f4d67a]
2015-07-24 13:14:00.327 DEBUG   --- [    Test worker] o.s.web.client.RestTemplate              : HEAD request for "http://localhost:8080/v2/catalog" resulted in 405 (Method Not Allowed)
I/O error on HEAD request for "http://localhost:8080/v2/catalog":Server returned HTTP response code: 405 for URL: http://localhost:8080/v2/catalog; nested exception is java.io.IOException: Server returned HTTP response code: 405 for URL: http://localhost:8080/v2/catalog
End - C012_HEAD
]]></system-out>
  <system-err><![CDATA[]]></system-err>
</testsuite>
