<?xml version="1.0" encoding="UTF-8"?>
<testsuite name="org.openpaas.servicebroker.apiplatform.test.BindingRestTest" tests="12" skipped="0" failures="0" errors="0" timestamp="2015-07-24T04:13:56" hostname="김도준-HP" time="2.936">
  <properties/>
  <testcase name="B001_valid_parameters_test" classname="org.openpaas.servicebroker.apiplatform.test.BindingRestTest" time="0.75"/>
  <testcase name="B002_invalid_parameters_test_service" classname="org.openpaas.servicebroker.apiplatform.test.BindingRestTest" time="0.172"/>
  <testcase name="B003_invalid_parameters_test_plan" classname="org.openpaas.servicebroker.apiplatform.test.BindingRestTest" time="0.187"/>
  <testcase name="B008_not_found_apiplatform_application_test" classname="org.openpaas.servicebroker.apiplatform.test.BindingRestTest" time="0.36"/>
  <testcase name="B009_lifecycle_changed_API_test" classname="org.openpaas.servicebroker.apiplatform.test.BindingRestTest" time="0.577"/>
  <testcase name="B010_subscription_removed_API_test" classname="org.openpaas.servicebroker.apiplatform.test.BindingRestTest" time="0.594"/>
  <testcase name="B011_no_plan_id_test" classname="org.openpaas.servicebroker.apiplatform.test.BindingRestTest" time="0.031"/>
  <testcase name="B012_no_service_id_test" classname="org.openpaas.servicebroker.apiplatform.test.BindingRestTest" time="0.031"/>
  <testcase name="B013_no_app_guid_test" classname="org.openpaas.servicebroker.apiplatform.test.BindingRestTest" time="0.016"/>
  <testcase name="B014_no_binding_id_test" classname="org.openpaas.servicebroker.apiplatform.test.BindingRestTest" time="0.016"/>
  <testcase name="B015_no_instance_id_test" classname="org.openpaas.servicebroker.apiplatform.test.BindingRestTest" time="0.031"/>
  <testcase name="B016_no_user_test" classname="org.openpaas.servicebroker.apiplatform.test.BindingRestTest" time="0.156"/>
  <system-out><![CDATA[== Started test Binding API ==
2015-07-24 13:13:55.596 DEBUG   --- [    Test worker] o.s.web.client.RestTemplate              : Created POST request for "http://115.68.46.28:9763/store/site/blocks/user/login/ajax/login.jag"
2015-07-24 13:13:55.596 DEBUG   --- [    Test worker] o.s.web.client.RestTemplate              : Setting request Accept header to [text/plain, application/json, application/*+json, */*]
2015-07-24 13:13:55.596 DEBUG   --- [    Test worker] o.s.web.client.RestTemplate              : Writing [action=login&username=test-user&password=openpaas] as "application/x-www-form-urlencoded" using [org.springframework.http.converter.StringHttpMessageConverter@3e67f47c]
2015-07-24 13:13:55.690 DEBUG   --- [    Test worker] o.s.web.client.RestTemplate              : POST request for "http://115.68.46.28:9763/store/site/blocks/user/login/ajax/login.jag" resulted in 200 (OK)
2015-07-24 13:13:55.690 DEBUG   --- [    Test worker] o.s.web.client.RestTemplate              : Reading [java.lang.String] as "application/json;charset=UTF-8" using [org.springframework.http.converter.StringHttpMessageConverter@3e67f47c]
2015-07-24 13:13:55.705  INFO   --- [    Test worker] o.o.s.common.HttpClientUtils             : Get APIPlatform API Http Response
2015-07-24 13:13:55.736  INFO   --- [    Test worker] o.o.servicebroker.common.JsonUtils       : Json Convert completed
2015-07-24 13:13:55.752 DEBUG   --- [    Test worker] o.s.web.client.RestTemplate              : Created POST request for "http://115.68.46.28:9763/store/site/blocks/application/application-remove/ajax/application-remove.jag"
2015-07-24 13:13:55.752 DEBUG   --- [    Test worker] o.s.web.client.RestTemplate              : Setting request Accept header to [text/plain, application/json, application/*+json, */*]
2015-07-24 13:13:55.752 DEBUG   --- [    Test worker] o.s.web.client.RestTemplate              : Writing [action=removeApplication&application=no_application_test_instance_id] as "application/x-www-form-urlencoded" using [org.springframework.http.converter.StringHttpMessageConverter@6fad97bb]
2015-07-24 13:13:55.861 DEBUG   --- [    Test worker] o.s.web.client.RestTemplate              : POST request for "http://115.68.46.28:9763/store/site/blocks/application/application-remove/ajax/application-remove.jag" resulted in 200 (OK)
2015-07-24 13:13:55.861 DEBUG   --- [    Test worker] o.s.web.client.RestTemplate              : Reading [java.lang.String] as "application/json;charset=UTF-8" using [org.springframework.http.converter.StringHttpMessageConverter@6fad97bb]
2015-07-24 13:13:55.861  INFO   --- [    Test worker] o.o.s.common.HttpClientUtils             : Get APIPlatform API Http Response
2015-07-24 13:13:55.861  INFO   --- [    Test worker] o.o.servicebroker.common.JsonUtils       : Json Convert completed
2015-07-24 13:13:55.908 DEBUG   --- [    Test worker] o.s.web.client.RestTemplate              : Created POST request for "http://115.68.46.28:9763/store/site/blocks/application/application-add/ajax/application-add.jag"
2015-07-24 13:13:55.908 DEBUG   --- [    Test worker] o.s.web.client.RestTemplate              : Setting request Accept header to [text/plain, application/json, application/*+json, */*]
2015-07-24 13:13:55.908 DEBUG   --- [    Test worker] o.s.web.client.RestTemplate              : Writing [action=addApplication&application=no_subscription_test_instance_id&tier=Unlimited&description=&callbackUrl=] as "application/x-www-form-urlencoded" using [org.springframework.http.converter.StringHttpMessageConverter@6dc4af44]
2015-07-24 13:13:55.939 DEBUG   --- [    Test worker] o.s.web.client.RestTemplate              : POST request for "http://115.68.46.28:9763/store/site/blocks/application/application-add/ajax/application-add.jag" resulted in 200 (OK)
2015-07-24 13:13:55.939 DEBUG   --- [    Test worker] o.s.web.client.RestTemplate              : Reading [java.lang.String] as "application/json;charset=UTF-8" using [org.springframework.http.converter.StringHttpMessageConverter@6dc4af44]
2015-07-24 13:13:55.939  INFO   --- [    Test worker] o.o.s.common.HttpClientUtils             : Get APIPlatform API Http Response
2015-07-24 13:13:55.955  INFO   --- [    Test worker] o.o.servicebroker.common.JsonUtils       : Json Convert completed
2015-07-24 13:13:55.955  INFO   --- [    Test worker] o.o.s.a.common.ApiPlatformUtils          : API Platform Message :  A duplicate application already exists by the name - no_subscription_test_instance_id
2015-07-24 13:13:56.002 DEBUG   --- [    Test worker] o.s.web.client.RestTemplate              : Created GET request for "http://115.68.46.28:9763/store/site/blocks/application/application-list/ajax/application-list.jag?action=getApplications"
2015-07-24 13:13:56.002 DEBUG   --- [    Test worker] o.s.web.client.RestTemplate              : Setting request Accept header to [text/plain, application/json, application/*+json, */*]
2015-07-24 13:13:56.002 DEBUG   --- [    Test worker] o.s.web.client.RestTemplate              : Writing [] as "application/x-www-form-urlencoded" using [org.springframework.http.converter.StringHttpMessageConverter@22653566]
2015-07-24 13:13:56.033 DEBUG   --- [    Test worker] o.s.web.client.RestTemplate              : GET request for "http://115.68.46.28:9763/store/site/blocks/application/application-list/ajax/application-list.jag?action=getApplications" resulted in 200 (OK)
2015-07-24 13:13:56.033 DEBUG   --- [    Test worker] o.s.web.client.RestTemplate              : Reading [java.lang.String] as "application/json;charset=UTF-8" using [org.springframework.http.converter.StringHttpMessageConverter@22653566]
2015-07-24 13:13:56.033  INFO   --- [    Test worker] o.o.s.common.HttpClientUtils             : Get APIPlatform API Http Response
2015-07-24 13:13:56.064  INFO   --- [    Test worker] o.o.servicebroker.common.JsonUtils       : Json Convert completed
2015-07-24 13:13:56.080 DEBUG   --- [    Test worker] o.s.web.client.RestTemplate              : Created POST request for "http://115.68.46.28:9763/store/site/blocks/subscription/subscription-remove/ajax/subscription-remove.jag"
2015-07-24 13:13:56.095 DEBUG   --- [    Test worker] o.s.web.client.RestTemplate              : Setting request Accept header to [text/plain, application/json, application/*+json, */*]
2015-07-24 13:13:56.095 DEBUG   --- [    Test worker] o.s.web.client.RestTemplate              : Writing [action=removeSubscription&name=Naver&version=1.0.0&provider=apicreator&applicationId=540] as "application/x-www-form-urlencoded" using [org.springframework.http.converter.StringHttpMessageConverter@2b891cf8]
2015-07-24 13:13:56.111 DEBUG   --- [    Test worker] o.s.web.client.RestTemplate              : POST request for "http://115.68.46.28:9763/store/site/blocks/subscription/subscription-remove/ajax/subscription-remove.jag" resulted in 200 (OK)
2015-07-24 13:13:56.111 DEBUG   --- [    Test worker] o.s.web.client.RestTemplate              : Reading [java.lang.String] as "application/json;charset=UTF-8" using [org.springframework.http.converter.StringHttpMessageConverter@2b891cf8]
2015-07-24 13:13:56.111  INFO   --- [    Test worker] o.o.s.common.HttpClientUtils             : Get APIPlatform API Http Response
2015-07-24 13:13:56.111  INFO   --- [    Test worker] o.o.servicebroker.common.JsonUtils       : Json Convert completed
2015-07-24 13:13:56.126 DEBUG   --- [    Test worker] o.s.web.client.RestTemplate              : Created POST request for "http://115.68.46.28:9763/publisher/site/blocks/user/login/ajax/login.jag"
2015-07-24 13:13:56.126 DEBUG   --- [    Test worker] o.s.web.client.RestTemplate              : Setting request Accept header to [text/plain, application/json, application/*+json, */*]
2015-07-24 13:13:56.126 DEBUG   --- [    Test worker] o.s.web.client.RestTemplate              : Writing [action=login&username=apipublisher&password=qwer1234] as "application/x-www-form-urlencoded" using [org.springframework.http.converter.StringHttpMessageConverter@36ccf41c]
2015-07-24 13:13:56.267 DEBUG   --- [    Test worker] o.s.web.client.RestTemplate              : POST request for "http://115.68.46.28:9763/publisher/site/blocks/user/login/ajax/login.jag" resulted in 200 (OK)
2015-07-24 13:13:56.267 DEBUG   --- [    Test worker] o.s.web.client.RestTemplate              : Reading [java.lang.String] as "application/json;charset=UTF-8" using [org.springframework.http.converter.StringHttpMessageConverter@36ccf41c]
2015-07-24 13:13:56.267  INFO   --- [    Test worker] o.o.s.common.HttpClientUtils             : Get APIPlatform API Http Response
2015-07-24 13:13:56.267  INFO   --- [    Test worker] o.o.servicebroker.common.JsonUtils       : Json Convert completed
2015-07-24 13:13:56.298 DEBUG   --- [    Test worker] o.s.web.client.RestTemplate              : Created POST request for "http://115.68.46.28:9763/publisher/site/blocks/life-cycles/ajax/life-cycles.jag"
2015-07-24 13:13:56.298 DEBUG   --- [    Test worker] o.s.web.client.RestTemplate              : Setting request Accept header to [text/plain, application/json, application/*+json, */*]
2015-07-24 13:13:56.298 DEBUG   --- [    Test worker] o.s.web.client.RestTemplate              : Writing [action=updateStatus&name=PhoneVerification&version=2.0.0&provider=apicreator&status=PUBLISHED&publishToGateway=true&requireResubscription=true] as "application/x-www-form-urlencoded" using [org.springframework.http.converter.StringHttpMessageConverter@49ae765f]
2015-07-24 13:13:56.516 DEBUG   --- [    Test worker] o.s.web.client.RestTemplate              : POST request for "http://115.68.46.28:9763/publisher/site/blocks/life-cycles/ajax/life-cycles.jag" resulted in 200 (OK)
2015-07-24 13:13:56.516 DEBUG   --- [    Test worker] o.s.web.client.RestTemplate              : Reading [java.lang.String] as "text/plain;charset=UTF-8" using [org.springframework.http.converter.StringHttpMessageConverter@49ae765f]
2015-07-24 13:13:56.516  INFO   --- [    Test worker] o.o.s.common.HttpClientUtils             : Get APIPlatform API Http Response
2015-07-24 13:13:56.532  INFO   --- [    Test worker] o.o.servicebroker.common.JsonUtils       : Json Convert completed
2015-07-24 13:13:56.563 DEBUG   --- [    Test worker] o.s.web.client.RestTemplate              : Created POST request for "http://115.68.46.28:9763/store/site/blocks/subscription/subscription-add/ajax/subscription-add.jag"
2015-07-24 13:13:56.563 DEBUG   --- [    Test worker] o.s.web.client.RestTemplate              : Setting request Accept header to [text/plain, application/json, application/*+json, */*]
2015-07-24 13:13:56.563 DEBUG   --- [    Test worker] o.s.web.client.RestTemplate              : Writing [action=addAPISubscription&name=PhoneVerification&version=2.0.0&provider=apicreator&tier=Unlimited&applicationName=lifecycle_changed_test_instance_id] as "application/x-www-form-urlencoded" using [org.springframework.http.converter.StringHttpMessageConverter@28bcd128]
2015-07-24 13:13:56.610 DEBUG   --- [    Test worker] o.s.web.client.RestTemplate              : POST request for "http://115.68.46.28:9763/store/site/blocks/subscription/subscription-add/ajax/subscription-add.jag" resulted in 200 (OK)
2015-07-24 13:13:56.610 DEBUG   --- [    Test worker] o.s.web.client.RestTemplate              : Reading [java.lang.String] as "application/json;charset=UTF-8" using [org.springframework.http.converter.StringHttpMessageConverter@28bcd128]
2015-07-24 13:13:56.610  INFO   --- [    Test worker] o.o.s.common.HttpClientUtils             : Get APIPlatform API Http Response
2015-07-24 13:13:56.610  INFO   --- [    Test worker] o.o.servicebroker.common.JsonUtils       : Json Convert completed
2015-07-24 13:13:56.610  INFO   --- [    Test worker] o.o.s.a.common.ApiPlatformUtils          : API Platform Message : org.wso2.carbon.apimgt.api.APIManagementException: Error while adding the subscription for user: test-user
2015-07-24 13:13:56.610  INFO   --- [    Test worker] o.o.s.a.common.ApiPlatformUtils          : API already subscribed
2015-07-24 13:13:56.641 DEBUG   --- [    Test worker] o.s.web.client.RestTemplate              : Created POST request for "http://115.68.46.28:9763/publisher/site/blocks/life-cycles/ajax/life-cycles.jag"
2015-07-24 13:13:56.641 DEBUG   --- [    Test worker] o.s.web.client.RestTemplate              : Setting request Accept header to [text/plain, application/json, application/*+json, */*]
2015-07-24 13:13:56.641 DEBUG   --- [    Test worker] o.s.web.client.RestTemplate              : Writing [action=updateStatus&name=PhoneVerification&version=2.0.0&provider=apicreator&status=CREATED&publishToGateway=true&requireResubscription=true] as "application/x-www-form-urlencoded" using [org.springframework.http.converter.StringHttpMessageConverter@447adfd]
2015-07-24 13:13:56.766 DEBUG   --- [    Test worker] o.s.web.client.RestTemplate              : POST request for "http://115.68.46.28:9763/publisher/site/blocks/life-cycles/ajax/life-cycles.jag" resulted in 200 (OK)
2015-07-24 13:13:56.766 DEBUG   --- [    Test worker] o.s.web.client.RestTemplate              : Reading [java.lang.String] as "text/plain;charset=UTF-8" using [org.springframework.http.converter.StringHttpMessageConverter@447adfd]
2015-07-24 13:13:56.766  INFO   --- [    Test worker] o.o.s.common.HttpClientUtils             : Get APIPlatform API Http Response
2015-07-24 13:13:56.782  INFO   --- [    Test worker] o.o.servicebroker.common.JsonUtils       : Json Convert completed
valid_parameters_test start
2015-07-24 13:13:57.031 DEBUG   --- [    Test worker] o.s.web.client.RestTemplate              : Created PUT request for "http://localhost:8080/v2/service_instances/test_instance_id/service_bindings/87753bad-ab53-4862-8828-48d2c6ae88da"
2015-07-24 13:13:57.031 DEBUG   --- [    Test worker] o.s.web.client.RestTemplate              : Setting request Accept header to [text/plain, application/json, application/*+json, */*]
2015-07-24 13:13:57.078 DEBUG   --- [    Test worker] o.s.web.client.RestTemplate              : Writing [org.openpaas.servicebroker.common.BindingBody@52d59df1] as "application/json" using [org.springframework.http.converter.json.MappingJackson2HttpMessageConverter@467463b3]
2015-07-24 13:13:57.547 DEBUG   --- [    Test worker] o.s.web.client.RestTemplate              : PUT request for "http://localhost:8080/v2/service_instances/test_instance_id/service_bindings/87753bad-ab53-4862-8828-48d2c6ae88da" resulted in 201 (Created)
2015-07-24 13:13:57.547 DEBUG   --- [    Test worker] o.s.web.client.RestTemplate              : Reading [java.lang.String] as "application/json;charset=UTF-8" using [org.springframework.http.converter.StringHttpMessageConverter@7fae5c75]
201
{"credentials":{"uri":"http://115.68.46.28:8280/API/1.0.0","username":"test-user","password":"openpaas","host":"","port":"","database":"","prodConsumerKey":"FLkwmpPCtb0yPYbd2pSc3gooR1Ia","prodConsumerSecret":"vtZTjjmCsLLfq3fZWDusPY6en1Ea","sandConsumerKey":"5hHy5qlLR8R7xYFEeHct98tA6Hsa","sandConsumerSecret":"Qb1zQnfopFGaiRH2pW1Sh5SmuEsa","resources":[{"basePath":"http://115.68.46.28:8280/API/1.0.0","resourcePath":"/search","methods":[{"method":"GET","parameters":[{"description":"Request Body","name":"body","allowMultiple":false,"type":"string","required":true,"paramType":"body"},{"name":"key","required":"True","type":"string","paramType":"query"},{"name":"target","required":"True","type":"string","paramType":"query"},{"name":"query","required":"True","type":"string","paramType":"query"}]},{"method":"POST","parameters":[{"description":"Request Body","name":"body","allowMultiple":false,"type":"string","required":true,"paramType":"body"},{"name":"key","required":"True","type":"string","paramType":"query"},{"name":"target","required":"True","type":"string","paramType":"query"},{"name":"query","required":"True","type":"string","paramType":"query"}]},{"method":"OPTIONS","parameters":[{"description":"Request Body","name":"body","allowMultiple":false,"type":"string","required":true,"paramType":"body"}]}]},{"basePath":"http://115.68.46.28:8280/API/1.0.0","resourcePath":"/dsaadsdad","methods":[{"method":"GET","parameters":[{"description":"Request Body","name":"body","allowMultiple":false,"type":"string","required":true,"paramType":"body"}]},{"method":"POST","parameters":[{"description":"Request Body","name":"body","allowMultiple":false,"type":"string","required":true,"paramType":"body"}]}]}]},"syslog_drain_url":null}
valid_parameters_test end
Start - invalid_parameters_test_service
2015-07-24 13:13:57.563 DEBUG   --- [    Test worker] o.s.web.client.RestTemplate              : Created PUT request for "http://localhost:8080/v2/service_instances/test_instance_id/service_bindings/0beb0507-c33d-45e4-b1d4-e781f8b637e2"
2015-07-24 13:13:57.563 DEBUG   --- [    Test worker] o.s.web.client.RestTemplate              : Setting request Accept header to [text/plain, application/json, application/*+json, */*]
2015-07-24 13:13:57.563 DEBUG   --- [    Test worker] o.s.web.client.RestTemplate              : Writing [org.openpaas.servicebroker.common.BindingBody@3a3941c8] as "application/json" using [org.springframework.http.converter.json.MappingJackson2HttpMessageConverter@50dcf55]
2015-07-24 13:13:57.719 DEBUG   --- [    Test worker] o.s.web.client.RestTemplate              : PUT request for "http://localhost:8080/v2/service_instances/test_instance_id/service_bindings/0beb0507-c33d-45e4-b1d4-e781f8b637e2" resulted in 500 (Internal Server Error)
2015-07-24 13:13:57.719 DEBUG   --- [    Test worker] o.s.web.client.RestTemplate              : Reading [java.lang.String] as "application/json;charset=UTF-8" using [org.springframework.http.converter.StringHttpMessageConverter@5e71a70b]
500
{"description":"Invalid ServiceID :[Neighbor 1.0.0], Valid ServiceID :[Naver 1.0.0]"}
End - invalid_parameters_test_service
Start - invalid_parameters_test_plan
2015-07-24 13:13:57.719 DEBUG   --- [    Test worker] o.s.web.client.RestTemplate              : Created PUT request for "http://localhost:8080/v2/service_instances/test_instance_id/service_bindings/668168c7-33f3-42b9-80ee-89ac83aea232"
2015-07-24 13:13:57.734 DEBUG   --- [    Test worker] o.s.web.client.RestTemplate              : Setting request Accept header to [text/plain, application/json, application/*+json, */*]
2015-07-24 13:13:57.734 DEBUG   --- [    Test worker] o.s.web.client.RestTemplate              : Writing [org.openpaas.servicebroker.common.BindingBody@778df39d] as "application/json" using [org.springframework.http.converter.json.MappingJackson2HttpMessageConverter@87505bd]
2015-07-24 13:13:57.906 DEBUG   --- [    Test worker] o.s.web.client.RestTemplate              : PUT request for "http://localhost:8080/v2/service_instances/test_instance_id/service_bindings/668168c7-33f3-42b9-80ee-89ac83aea232" resulted in 500 (Internal Server Error)
2015-07-24 13:13:57.906 DEBUG   --- [    Test worker] o.s.web.client.RestTemplate              : Reading [java.lang.String] as "application/json;charset=UTF-8" using [org.springframework.http.converter.StringHttpMessageConverter@3acbbfa1]
500
{"description":"Invalid PlanID :[Neighbor 1.0.0 Unlimited], Valid PlanID :[Naver 1.0.0 Unlimited]"}
End - invalid_parameters_test_plan
Start - not_found_apiplatform_application_test
2015-07-24 13:13:57.921 DEBUG   --- [    Test worker] o.s.web.client.RestTemplate              : Created PUT request for "http://localhost:8080/v2/service_instances/no_application_test_instance_id/service_bindings/229d53c1-c6a9-41d7-804e-722c37060191"
2015-07-24 13:13:57.921 DEBUG   --- [    Test worker] o.s.web.client.RestTemplate              : Setting request Accept header to [text/plain, application/json, application/*+json, */*]
2015-07-24 13:13:57.921 DEBUG   --- [    Test worker] o.s.web.client.RestTemplate              : Writing [org.openpaas.servicebroker.common.BindingBody@1692012f] as "application/json" using [org.springframework.http.converter.json.MappingJackson2HttpMessageConverter@4b8bc03c]
2015-07-24 13:13:58.266 DEBUG   --- [    Test worker] o.s.web.client.RestTemplate              : PUT request for "http://localhost:8080/v2/service_instances/no_application_test_instance_id/service_bindings/229d53c1-c6a9-41d7-804e-722c37060191" resulted in 500 (Internal Server Error)
2015-07-24 13:13:58.266 DEBUG   --- [    Test worker] o.s.web.client.RestTemplate              : Reading [java.lang.String] as "application/json;charset=UTF-8" using [org.springframework.http.converter.StringHttpMessageConverter@443578f2]
500
{"description":"API Platform Application dose not exist. UserID: [test-user], ApplicationName: [no_application_test_instance_id] - B008"}
End - not_found_apiplatform_application_test
B009 Start - lifecycle_changed_API_test
2015-07-24 13:13:58.281 DEBUG   --- [    Test worker] o.s.web.client.RestTemplate              : Created PUT request for "http://localhost:8080/v2/service_instances/lifecycle_changed_test_instance_id/service_bindings/6f02fcfb-34e4-4e48-a8dc-6edb5bea544b"
2015-07-24 13:13:58.281 DEBUG   --- [    Test worker] o.s.web.client.RestTemplate              : Setting request Accept header to [text/plain, application/json, application/*+json, */*]
2015-07-24 13:13:58.281 DEBUG   --- [    Test worker] o.s.web.client.RestTemplate              : Writing [org.openpaas.servicebroker.common.BindingBody@12977ada] as "application/json" using [org.springframework.http.converter.json.MappingJackson2HttpMessageConverter@170287bf]
2015-07-24 13:13:58.843 DEBUG   --- [    Test worker] o.s.web.client.RestTemplate              : PUT request for "http://localhost:8080/v2/service_instances/lifecycle_changed_test_instance_id/service_bindings/6f02fcfb-34e4-4e48-a8dc-6edb5bea544b" resulted in 500 (Internal Server Error)
2015-07-24 13:13:58.843 DEBUG   --- [    Test worker] o.s.web.client.RestTemplate              : Reading [java.lang.String] as "application/json;charset=UTF-8" using [org.springframework.http.converter.StringHttpMessageConverter@271e1866]
500
{"description":"APIPlatform API not published - API Name : [PhoneVerification 2.0.0], Status :[CREATED] - B009"}
B009 End - lifecycle_changed_API_test
B010 Start - subscription_removed_API_test
2015-07-24 13:13:58.858 DEBUG   --- [    Test worker] o.s.web.client.RestTemplate              : Created PUT request for "http://localhost:8080/v2/service_instances/no_subscription_test_instance_id/service_bindings/6fb1edef-5e88-44e3-bea5-45075849bf49"
2015-07-24 13:13:58.858 DEBUG   --- [    Test worker] o.s.web.client.RestTemplate              : Setting request Accept header to [text/plain, application/json, application/*+json, */*]
2015-07-24 13:13:58.858 DEBUG   --- [    Test worker] o.s.web.client.RestTemplate              : Writing [org.openpaas.servicebroker.common.BindingBody@28d3e49a] as "application/json" using [org.springframework.http.converter.json.MappingJackson2HttpMessageConverter@6f454f66]
2015-07-24 13:13:59.437 DEBUG   --- [    Test worker] o.s.web.client.RestTemplate              : PUT request for "http://localhost:8080/v2/service_instances/no_subscription_test_instance_id/service_bindings/6fb1edef-5e88-44e3-bea5-45075849bf49" resulted in 500 (Internal Server Error)
2015-07-24 13:13:59.437 DEBUG   --- [    Test worker] o.s.web.client.RestTemplate              : Reading [java.lang.String] as "application/json;charset=UTF-8" using [org.springframework.http.converter.StringHttpMessageConverter@4223c010]
500
{"description":"no subscribed API. UserID: [test-user], ApplicationName: [no_subscription_test_instance_id], API: [Naver] - B010"}
B010 End - subscription_removed_API_test
Start - no_plan_id_test
2015-07-24 13:13:59.452 DEBUG   --- [    Test worker] o.s.web.client.RestTemplate              : Created PUT request for "http://localhost:8080/v2/service_instances/test_instance_id/service_bindings/bde32a96-0493-4238-a179-7c49bc8e4ddf"
2015-07-24 13:13:59.452 DEBUG   --- [    Test worker] o.s.web.client.RestTemplate              : Setting request Accept header to [text/plain, application/json, application/*+json, */*]
2015-07-24 13:13:59.452 DEBUG   --- [    Test worker] o.s.web.client.RestTemplate              : Writing [org.openpaas.servicebroker.common.BindingBody@39167c5c] as "application/json" using [org.springframework.http.converter.json.MappingJackson2HttpMessageConverter@733e994b]
2015-07-24 13:13:59.468 DEBUG   --- [    Test worker] o.s.web.client.RestTemplate              : PUT request for "http://localhost:8080/v2/service_instances/test_instance_id/service_bindings/bde32a96-0493-4238-a179-7c49bc8e4ddf" resulted in 422 (Unprocessable Entity)
2015-07-24 13:13:59.468 DEBUG   --- [    Test worker] o.s.web.client.RestTemplate              : Reading [java.lang.String] as "application/json;charset=UTF-8" using [org.springframework.http.converter.StringHttpMessageConverter@12c24609]
422
{"description":"Missing required fields: planId"}
End - no_plan_id_test
Start - no_service_id_test
2015-07-24 13:13:59.483 DEBUG   --- [    Test worker] o.s.web.client.RestTemplate              : Created PUT request for "http://localhost:8080/v2/service_instances/test_instance_id/service_bindings/5c335fff-8616-4eef-bd03-4980dfb1edff"
2015-07-24 13:13:59.483 DEBUG   --- [    Test worker] o.s.web.client.RestTemplate              : Setting request Accept header to [text/plain, application/json, application/*+json, */*]
2015-07-24 13:13:59.483 DEBUG   --- [    Test worker] o.s.web.client.RestTemplate              : Writing [org.openpaas.servicebroker.common.BindingBody@1084027e] as "application/json" using [org.springframework.http.converter.json.MappingJackson2HttpMessageConverter@4abfa6aa]
2015-07-24 13:13:59.499 DEBUG   --- [    Test worker] o.s.web.client.RestTemplate              : PUT request for "http://localhost:8080/v2/service_instances/test_instance_id/service_bindings/5c335fff-8616-4eef-bd03-4980dfb1edff" resulted in 422 (Unprocessable Entity)
2015-07-24 13:13:59.499 DEBUG   --- [    Test worker] o.s.web.client.RestTemplate              : Reading [java.lang.String] as "application/json;charset=UTF-8" using [org.springframework.http.converter.StringHttpMessageConverter@6c57093c]
422
{"description":"Missing required fields: serviceDefinitionId"}
End - no_service_id_test
Start - no_app_guid_test
2015-07-24 13:13:59.515 DEBUG   --- [    Test worker] o.s.web.client.RestTemplate              : Created PUT request for "http://localhost:8080/v2/service_instances/test_instance_id/service_bindings/4a2f7425-ddcb-4684-b83a-ae983c4d18ac"
2015-07-24 13:13:59.515 DEBUG   --- [    Test worker] o.s.web.client.RestTemplate              : Setting request Accept header to [text/plain, application/json, application/*+json, */*]
2015-07-24 13:13:59.515 DEBUG   --- [    Test worker] o.s.web.client.RestTemplate              : Writing [org.openpaas.servicebroker.common.BindingBody@461f79b5] as "application/json" using [org.springframework.http.converter.json.MappingJackson2HttpMessageConverter@3c6f7e0a]
2015-07-24 13:13:59.515 DEBUG   --- [    Test worker] o.s.web.client.RestTemplate              : PUT request for "http://localhost:8080/v2/service_instances/test_instance_id/service_bindings/4a2f7425-ddcb-4684-b83a-ae983c4d18ac" resulted in 422 (Unprocessable Entity)
2015-07-24 13:13:59.515 DEBUG   --- [    Test worker] o.s.web.client.RestTemplate              : Reading [java.lang.String] as "application/json;charset=UTF-8" using [org.springframework.http.converter.StringHttpMessageConverter@3bbbe185]
422
{"description":"Missing required fields: appGuid"}
End - no_app_guid_test
Start - no_binding_id_test
2015-07-24 13:13:59.530 DEBUG   --- [    Test worker] o.s.web.client.RestTemplate              : Created PUT request for "http://localhost:8080/v2/service_instances/test_instance_id/service_bindings/"
2015-07-24 13:13:59.530 DEBUG   --- [    Test worker] o.s.web.client.RestTemplate              : Setting request Accept header to [text/plain, application/json, application/*+json, */*]
2015-07-24 13:13:59.530 DEBUG   --- [    Test worker] o.s.web.client.RestTemplate              : Writing [org.openpaas.servicebroker.common.BindingBody@2bd30166] as "application/json" using [org.springframework.http.converter.json.MappingJackson2HttpMessageConverter@2a00e604]
2015-07-24 13:13:59.546 DEBUG   --- [    Test worker] o.s.web.client.RestTemplate              : PUT request for "http://localhost:8080/v2/service_instances/test_instance_id/service_bindings/" resulted in 404 (Not Found)
2015-07-24 13:13:59.546 DEBUG   --- [    Test worker] o.s.web.client.RestTemplate              : Reading [java.lang.String] as "application/json;charset=UTF-8" using [org.springframework.http.converter.StringHttpMessageConverter@41e69be8]
404
{"timestamp":1437711239546,"status":404,"error":"Not Found","message":"No message available","path":"/v2/service_instances/test_instance_id/service_bindings/"}
End - no_binding_id_test
Start - no_instance_id_test
2015-07-24 13:13:59.561 DEBUG   --- [    Test worker] o.s.web.client.RestTemplate              : Created PUT request for "http://localhost:8080/v2/service_instances/service_bindings/656c8637-fc9d-4e13-bada-664a94b5b291"
2015-07-24 13:13:59.561 DEBUG   --- [    Test worker] o.s.web.client.RestTemplate              : Setting request Accept header to [text/plain, application/json, application/*+json, */*]
2015-07-24 13:13:59.561 DEBUG   --- [    Test worker] o.s.web.client.RestTemplate              : Writing [org.openpaas.servicebroker.common.BindingBody@b05be25] as "application/json" using [org.springframework.http.converter.json.MappingJackson2HttpMessageConverter@260674ca]
2015-07-24 13:13:59.577 DEBUG   --- [    Test worker] o.s.web.client.RestTemplate              : PUT request for "http://localhost:8080/v2/service_instances/service_bindings/656c8637-fc9d-4e13-bada-664a94b5b291" resulted in 404 (Not Found)
2015-07-24 13:13:59.577 DEBUG   --- [    Test worker] o.s.web.client.RestTemplate              : Reading [java.lang.String] as "application/json;charset=UTF-8" using [org.springframework.http.converter.StringHttpMessageConverter@71dd8d46]
404
{"timestamp":1437711239577,"status":404,"error":"Not Found","message":"No message available","path":"/v2/service_instances/service_bindings/656c8637-fc9d-4e13-bada-664a94b5b291"}
End - no_instance_id_test
Start - _no_user_test
2015-07-24 13:13:59.577 DEBUG   --- [    Test worker] o.s.web.client.RestTemplate              : Created PUT request for "http://localhost:8080/v2/service_instances/removed_user_test_instance_id_DB/service_bindings/b9493e53-338a-4f9e-b5fa-0ff3fe96d1a5"
2015-07-24 13:13:59.593 DEBUG   --- [    Test worker] o.s.web.client.RestTemplate              : Setting request Accept header to [text/plain, application/json, application/*+json, */*]
2015-07-24 13:13:59.593 DEBUG   --- [    Test worker] o.s.web.client.RestTemplate              : Writing [org.openpaas.servicebroker.common.BindingBody@8662911] as "application/json" using [org.springframework.http.converter.json.MappingJackson2HttpMessageConverter@6b121f65]
2015-07-24 13:13:59.733 DEBUG   --- [    Test worker] o.s.web.client.RestTemplate              : PUT request for "http://localhost:8080/v2/service_instances/removed_user_test_instance_id_DB/service_bindings/b9493e53-338a-4f9e-b5fa-0ff3fe96d1a5" resulted in 500 (Internal Server Error)
2015-07-24 13:13:59.733 DEBUG   --- [    Test worker] o.s.web.client.RestTemplate              : Reading [java.lang.String] as "application/json;charset=UTF-8" using [org.springframework.http.converter.StringHttpMessageConverter@72cb56cd]
500
{"description":"not found APIPlatform user information about InstanceID :[removed_user_test_instance_id_DB]"}
End - _no_user_test
]]></system-out>
  <system-err><![CDATA[org.openpaas.servicebroker.exception.ServiceBrokerException: Duplication
	at org.openpaas.servicebroker.apiplatform.common.ApiPlatformUtils.apiPlatformErrorMessageCheck(ApiPlatformUtils.java:37)
	at org.openpaas.servicebroker.apiplatform.common.APIPlatformAPI.addApplication(APIPlatformAPI.java:77)
	at org.openpaas.servicebroker.apiplatform.test.BindingRestTest.init(BindingRestTest.java:70)
	at sun.reflect.NativeMethodAccessorImpl.invoke0(Native Method)
	at sun.reflect.NativeMethodAccessorImpl.invoke(NativeMethodAccessorImpl.java:57)
	at sun.reflect.DelegatingMethodAccessorImpl.invoke(DelegatingMethodAccessorImpl.java:43)
	at java.lang.reflect.Method.invoke(Method.java:606)
	at org.junit.runners.model.FrameworkMethod$1.runReflectiveCall(FrameworkMethod.java:50)
	at org.junit.internal.runners.model.ReflectiveCallable.run(ReflectiveCallable.java:12)
	at org.junit.runners.model.FrameworkMethod.invokeExplosively(FrameworkMethod.java:47)
	at org.junit.internal.runners.statements.RunBefores.evaluate(RunBefores.java:24)
	at org.junit.runners.ParentRunner.run(ParentRunner.java:363)
	at org.gradle.api.internal.tasks.testing.junit.JUnitTestClassExecuter.runTestClass(JUnitTestClassExecuter.java:86)
	at org.gradle.api.internal.tasks.testing.junit.JUnitTestClassExecuter.execute(JUnitTestClassExecuter.java:49)
	at org.gradle.api.internal.tasks.testing.junit.JUnitTestClassProcessor.processTestClass(JUnitTestClassProcessor.java:64)
	at org.gradle.api.internal.tasks.testing.SuiteTestClassProcessor.processTestClass(SuiteTestClassProcessor.java:50)
	at sun.reflect.NativeMethodAccessorImpl.invoke0(Native Method)
	at sun.reflect.NativeMethodAccessorImpl.invoke(NativeMethodAccessorImpl.java:57)
	at sun.reflect.DelegatingMethodAccessorImpl.invoke(DelegatingMethodAccessorImpl.java:43)
	at java.lang.reflect.Method.invoke(Method.java:606)
	at org.gradle.messaging.dispatch.ReflectionDispatch.dispatch(ReflectionDispatch.java:35)
	at org.gradle.messaging.dispatch.ReflectionDispatch.dispatch(ReflectionDispatch.java:24)
	at org.gradle.messaging.dispatch.ContextClassLoaderDispatch.dispatch(ContextClassLoaderDispatch.java:32)
	at org.gradle.messaging.dispatch.ProxyDispatchAdapter$DispatchingInvocationHandler.invoke(ProxyDispatchAdapter.java:93)
	at com.sun.proxy.$Proxy2.processTestClass(Unknown Source)
	at org.gradle.api.internal.tasks.testing.worker.TestWorker.processTestClass(TestWorker.java:106)
	at sun.reflect.NativeMethodAccessorImpl.invoke0(Native Method)
	at sun.reflect.NativeMethodAccessorImpl.invoke(NativeMethodAccessorImpl.java:57)
	at sun.reflect.DelegatingMethodAccessorImpl.invoke(DelegatingMethodAccessorImpl.java:43)
	at java.lang.reflect.Method.invoke(Method.java:606)
	at org.gradle.messaging.dispatch.ReflectionDispatch.dispatch(ReflectionDispatch.java:35)
	at org.gradle.messaging.dispatch.ReflectionDispatch.dispatch(ReflectionDispatch.java:24)
	at org.gradle.messaging.remote.internal.hub.MessageHub$Handler.run(MessageHub.java:360)
	at org.gradle.internal.concurrent.DefaultExecutorFactory$StoppableExecutorImpl$1.run(DefaultExecutorFactory.java:64)
	at java.util.concurrent.ThreadPoolExecutor.runWorker(ThreadPoolExecutor.java:1145)
	at java.util.concurrent.ThreadPoolExecutor$Worker.run(ThreadPoolExecutor.java:615)
	at java.lang.Thread.run(Thread.java:745)
]]></system-err>
</testsuite>
