<?xml version="1.0" encoding="UTF-8"?>
<testsuite name="org.openpaas.servicebroker.apiplatform.test.ProvisionRestTest" tests="16" skipped="0" failures="0" errors="0" timestamp="2015-07-24T04:14:03" hostname="김도준-HP" time="3.391">
  <properties/>
  <testcase name="P001_validData" classname="org.openpaas.servicebroker.apiplatform.test.ProvisionRestTest" time="0.812"/>
  <testcase name="P002_duplicate_instance_other_serviceID_planID" classname="org.openpaas.servicebroker.apiplatform.test.ProvisionRestTest" time="0.25"/>
  <testcase name="P003_duplicate_instance_fail_serviceID" classname="org.openpaas.servicebroker.apiplatform.test.ProvisionRestTest" time="0.187"/>
  <testcase name="P005_duplicate_instance_fail_planName" classname="org.openpaas.servicebroker.apiplatform.test.ProvisionRestTest" time="0.171"/>
  <testcase name="P006_duplicate_instance_fail_planID" classname="org.openpaas.servicebroker.apiplatform.test.ProvisionRestTest" time="0.192"/>
  <testcase name="P007_fail_serviceID" classname="org.openpaas.servicebroker.apiplatform.test.ProvisionRestTest" time="0.156"/>
  <testcase name="P008_fail_planID" classname="org.openpaas.servicebroker.apiplatform.test.ProvisionRestTest" time="0.14"/>
  <testcase name="P009_duplicate_instance" classname="org.openpaas.servicebroker.apiplatform.test.ProvisionRestTest" time="0.577"/>
  <testcase name="P010_empty_parameters_instance_id" classname="org.openpaas.servicebroker.apiplatform.test.ProvisionRestTest" time="0.016"/>
  <testcase name="P011_empty_parameters_organization_guid" classname="org.openpaas.servicebroker.apiplatform.test.ProvisionRestTest" time="0.031"/>
  <testcase name="P012_empty_parameters_service_id" classname="org.openpaas.servicebroker.apiplatform.test.ProvisionRestTest" time="0.016"/>
  <testcase name="P013_empty_parameters_plan_id" classname="org.openpaas.servicebroker.apiplatform.test.ProvisionRestTest" time="0.015"/>
  <testcase name="P014_duplicate_instance_other_orgID" classname="org.openpaas.servicebroker.apiplatform.test.ProvisionRestTest" time="0.204"/>
  <testcase name="P016_duplicate_instance_other_serviceID" classname="org.openpaas.servicebroker.apiplatform.test.ProvisionRestTest" time="0.187"/>
  <testcase name="P017_removed_instance_id" classname="org.openpaas.servicebroker.apiplatform.test.ProvisionRestTest" time="0.281"/>
  <testcase name="P018_invalid_serviceID_planID" classname="org.openpaas.servicebroker.apiplatform.test.ProvisionRestTest" time="0.156"/>
  <system-out><![CDATA[== Started test Provision API ==
2015-07-24 13:14:03.277 DEBUG   --- [    Test worker] o.s.web.client.RestTemplate              : Created POST request for "http://115.68.46.28:9763/store/site/blocks/user/login/ajax/login.jag"
2015-07-24 13:14:03.277 DEBUG   --- [    Test worker] o.s.web.client.RestTemplate              : Setting request Accept header to [text/plain, application/json, application/*+json, */*]
2015-07-24 13:14:03.277 DEBUG   --- [    Test worker] o.s.web.client.RestTemplate              : Writing [action=login&username=test-user&password=openpaas] as "application/x-www-form-urlencoded" using [org.springframework.http.converter.StringHttpMessageConverter@56a51c3c]
2015-07-24 13:14:03.403 DEBUG   --- [    Test worker] o.s.web.client.RestTemplate              : POST request for "http://115.68.46.28:9763/store/site/blocks/user/login/ajax/login.jag" resulted in 200 (OK)
2015-07-24 13:14:03.403 DEBUG   --- [    Test worker] o.s.web.client.RestTemplate              : Reading [java.lang.String] as "application/json;charset=UTF-8" using [org.springframework.http.converter.StringHttpMessageConverter@56a51c3c]
2015-07-24 13:14:03.403  INFO   --- [    Test worker] o.o.s.common.HttpClientUtils             : Get APIPlatform API Http Response
2015-07-24 13:14:03.403  INFO   --- [    Test worker] o.o.servicebroker.common.JsonUtils       : Json Convert completed
2015-07-24 13:14:03.434 DEBUG   --- [    Test worker] o.s.web.client.RestTemplate              : Created POST request for "http://115.68.46.28:9763/store/site/blocks/application/application-remove/ajax/application-remove.jag"
2015-07-24 13:14:03.434 DEBUG   --- [    Test worker] o.s.web.client.RestTemplate              : Setting request Accept header to [text/plain, application/json, application/*+json, */*]
2015-07-24 13:14:03.434 DEBUG   --- [    Test worker] o.s.web.client.RestTemplate              : Writing [action=removeApplication&application=no_application_test_instance_id] as "application/x-www-form-urlencoded" using [org.springframework.http.converter.StringHttpMessageConverter@5f62d3f4]
2015-07-24 13:14:03.465 DEBUG   --- [    Test worker] o.s.web.client.RestTemplate              : POST request for "http://115.68.46.28:9763/store/site/blocks/application/application-remove/ajax/application-remove.jag" resulted in 200 (OK)
2015-07-24 13:14:03.465 DEBUG   --- [    Test worker] o.s.web.client.RestTemplate              : Reading [java.lang.String] as "application/json;charset=UTF-8" using [org.springframework.http.converter.StringHttpMessageConverter@5f62d3f4]
2015-07-24 13:14:03.465  INFO   --- [    Test worker] o.o.s.common.HttpClientUtils             : Get APIPlatform API Http Response
2015-07-24 13:14:03.465  INFO   --- [    Test worker] o.o.servicebroker.common.JsonUtils       : Json Convert completed
2015-07-24 13:14:03.465  INFO   --- [    Test worker] o.o.s.a.common.ApiPlatformUtils          : API Platform Message : Error occurred while executing the action removeApplication
2015-07-24 13:14:03.481 DEBUG   --- [    Test worker] o.s.web.client.RestTemplate              : Created POST request for "http://115.68.46.28:9763/store/site/blocks/subscription/subscription-remove/ajax/subscription-remove.jag"
2015-07-24 13:14:03.481 DEBUG   --- [    Test worker] o.s.web.client.RestTemplate              : Setting request Accept header to [text/plain, application/json, application/*+json, */*]
2015-07-24 13:14:03.481 DEBUG   --- [    Test worker] o.s.web.client.RestTemplate              : Writing [action=removeSubscription&name=Naver&version=1.0.0&provider=apicreator&applicationId=421] as "application/x-www-form-urlencoded" using [org.springframework.http.converter.StringHttpMessageConverter@2a92d059]
2015-07-24 13:14:03.512 DEBUG   --- [    Test worker] o.s.web.client.RestTemplate              : POST request for "http://115.68.46.28:9763/store/site/blocks/subscription/subscription-remove/ajax/subscription-remove.jag" resulted in 200 (OK)
2015-07-24 13:14:03.512 DEBUG   --- [    Test worker] o.s.web.client.RestTemplate              : Reading [java.lang.String] as "application/json;charset=UTF-8" using [org.springframework.http.converter.StringHttpMessageConverter@2a92d059]
2015-07-24 13:14:03.512  INFO   --- [    Test worker] o.o.s.common.HttpClientUtils             : Get APIPlatform API Http Response
2015-07-24 13:14:03.512  INFO   --- [    Test worker] o.o.servicebroker.common.JsonUtils       : Json Convert completed
2015-07-24 13:14:03.528 DEBUG   --- [    Test worker] o.s.web.client.RestTemplate              : Created POST request for "http://115.68.46.28:9763/publisher/site/blocks/user/login/ajax/login.jag"
2015-07-24 13:14:03.528 DEBUG   --- [    Test worker] o.s.web.client.RestTemplate              : Setting request Accept header to [text/plain, application/json, application/*+json, */*]
2015-07-24 13:14:03.528 DEBUG   --- [    Test worker] o.s.web.client.RestTemplate              : Writing [action=login&username=apipublisher&password=qwer1234] as "application/x-www-form-urlencoded" using [org.springframework.http.converter.StringHttpMessageConverter@cac98e5]
2015-07-24 13:14:03.637 DEBUG   --- [    Test worker] o.s.web.client.RestTemplate              : POST request for "http://115.68.46.28:9763/publisher/site/blocks/user/login/ajax/login.jag" resulted in 200 (OK)
2015-07-24 13:14:03.637 DEBUG   --- [    Test worker] o.s.web.client.RestTemplate              : Reading [java.lang.String] as "application/json;charset=UTF-8" using [org.springframework.http.converter.StringHttpMessageConverter@cac98e5]
2015-07-24 13:14:03.637  INFO   --- [    Test worker] o.o.s.common.HttpClientUtils             : Get APIPlatform API Http Response
2015-07-24 13:14:03.637  INFO   --- [    Test worker] o.o.servicebroker.common.JsonUtils       : Json Convert completed
2015-07-24 13:14:03.668 DEBUG   --- [    Test worker] o.s.web.client.RestTemplate              : Created POST request for "http://115.68.46.28:9763/publisher/site/blocks/life-cycles/ajax/life-cycles.jag"
2015-07-24 13:14:03.668 DEBUG   --- [    Test worker] o.s.web.client.RestTemplate              : Setting request Accept header to [text/plain, application/json, application/*+json, */*]
2015-07-24 13:14:03.668 DEBUG   --- [    Test worker] o.s.web.client.RestTemplate              : Writing [action=updateStatus&name=PhoneVerification&version=2.0.0&provider=apicreator&status=CREATED&publishToGateway=true&requireResubscription=true] as "application/x-www-form-urlencoded" using [org.springframework.http.converter.StringHttpMessageConverter@1769e8e3]
2015-07-24 13:14:03.715 DEBUG   --- [    Test worker] o.s.web.client.RestTemplate              : POST request for "http://115.68.46.28:9763/publisher/site/blocks/life-cycles/ajax/life-cycles.jag" resulted in 200 (OK)
2015-07-24 13:14:03.715 DEBUG   --- [    Test worker] o.s.web.client.RestTemplate              : Reading [java.lang.String] as "text/plain;charset=UTF-8" using [org.springframework.http.converter.StringHttpMessageConverter@1769e8e3]
2015-07-24 13:14:03.715  INFO   --- [    Test worker] o.o.s.common.HttpClientUtils             : Get APIPlatform API Http Response
2015-07-24 13:14:03.731  INFO   --- [    Test worker] o.o.servicebroker.common.JsonUtils       : Json Convert completed
P001_Start - valid data
2015-07-24 13:14:03.746 DEBUG   --- [    Test worker] o.s.web.client.RestTemplate              : Created PUT request for "http://localhost:8080/v2/service_instances/e680a2ba-ffa9-407e-87a9-239670f5ffae"
2015-07-24 13:14:03.746 DEBUG   --- [    Test worker] o.s.web.client.RestTemplate              : Setting request Accept header to [text/plain, application/json, application/*+json, */*]
2015-07-24 13:14:03.746 DEBUG   --- [    Test worker] o.s.web.client.RestTemplate              : Writing [org.openpaas.servicebroker.common.ProvisionBody@4c05279b] as "application/json" using [org.springframework.http.converter.json.MappingJackson2HttpMessageConverter@666b581a]
2015-07-24 13:14:04.543 DEBUG   --- [    Test worker] o.s.web.client.RestTemplate              : PUT request for "http://localhost:8080/v2/service_instances/e680a2ba-ffa9-407e-87a9-239670f5ffae" resulted in 201 (Created)
2015-07-24 13:14:04.543 DEBUG   --- [    Test worker] o.s.web.client.RestTemplate              : Reading [java.lang.String] as "application/json;charset=UTF-8" using [org.springframework.http.converter.StringHttpMessageConverter@1165477e]
{"dashboard_url":"http://115.68.46.28:9443/store/?tenant=carbon.super"}
P001_End - valid data
P002_Start - duplicate_instance_other_serviceID
2015-07-24 13:14:04.543 DEBUG   --- [    Test worker] o.s.web.client.RestTemplate              : Created PUT request for "http://localhost:8080/v2/service_instances/test_instance_id"
2015-07-24 13:14:04.543 DEBUG   --- [    Test worker] o.s.web.client.RestTemplate              : Setting request Accept header to [text/plain, application/json, application/*+json, */*]
2015-07-24 13:14:04.543 DEBUG   --- [    Test worker] o.s.web.client.RestTemplate              : Writing [org.openpaas.servicebroker.common.ProvisionBody@1038aa1e] as "application/json" using [org.springframework.http.converter.json.MappingJackson2HttpMessageConverter@78289fe3]
2015-07-24 13:14:04.777 DEBUG   --- [    Test worker] o.s.web.client.RestTemplate              : PUT request for "http://localhost:8080/v2/service_instances/test_instance_id" resulted in 409 (Conflict)
2015-07-24 13:14:04.777 DEBUG   --- [    Test worker] o.s.web.client.RestTemplate              : Reading [java.lang.String] as "text/plain;charset=ISO-8859-1" using [org.springframework.http.converter.StringHttpMessageConverter@33192db6]
{}
P002_End - duplicate_instance_other_serviceID
P003_Start - duplicate_instance_fail_serviceID
2015-07-24 13:14:04.793 DEBUG   --- [    Test worker] o.s.web.client.RestTemplate              : Created PUT request for "http://localhost:8080/v2/service_instances/test_instance_id"
2015-07-24 13:14:04.793 DEBUG   --- [    Test worker] o.s.web.client.RestTemplate              : Setting request Accept header to [text/plain, application/json, application/*+json, */*]
2015-07-24 13:14:04.793 DEBUG   --- [    Test worker] o.s.web.client.RestTemplate              : Writing [org.openpaas.servicebroker.common.ProvisionBody@3a0821ef] as "application/json" using [org.springframework.http.converter.json.MappingJackson2HttpMessageConverter@6bebefac]
2015-07-24 13:14:04.980 DEBUG   --- [    Test worker] o.s.web.client.RestTemplate              : PUT request for "http://localhost:8080/v2/service_instances/test_instance_id" resulted in 422 (Unprocessable Entity)
2015-07-24 13:14:04.980 DEBUG   --- [    Test worker] o.s.web.client.RestTemplate              : Reading [java.lang.String] as "application/json;charset=UTF-8" using [org.springframework.http.converter.StringHttpMessageConverter@4ec43c8e]
{"description":"ServiceDefinition does not exist: id = Neighbor 1.0.0"}
P003_End - duplicate_instance_fail_serviceID
P005_Start - duplicate_instance_fail_planName
2015-07-24 13:14:05.011 DEBUG   --- [    Test worker] o.s.web.client.RestTemplate              : Created PUT request for "http://localhost:8080/v2/service_instances/test_instance_id"
2015-07-24 13:14:05.011 DEBUG   --- [    Test worker] o.s.web.client.RestTemplate              : Setting request Accept header to [text/plain, application/json, application/*+json, */*]
2015-07-24 13:14:05.011 DEBUG   --- [    Test worker] o.s.web.client.RestTemplate              : Writing [org.openpaas.servicebroker.common.ProvisionBody@3563b708] as "application/json" using [org.springframework.http.converter.json.MappingJackson2HttpMessageConverter@2585899a]
2015-07-24 13:14:05.151 DEBUG   --- [    Test worker] o.s.web.client.RestTemplate              : PUT request for "http://localhost:8080/v2/service_instances/test_instance_id" resulted in 500 (Internal Server Error)
2015-07-24 13:14:05.151 DEBUG   --- [    Test worker] o.s.web.client.RestTemplate              : Reading [java.lang.String] as "application/json;charset=UTF-8" using [org.springframework.http.converter.StringHttpMessageConverter@620cf0b4]
{"description":"Invalid PlanName :[Limited], PlanID :[Naver 1.0.0 Limited] - P005"}
P005_End - duplicate_instance_fail_planName
P006_Start - duplicate_instance_fail_planID
2015-07-24 13:14:05.167 DEBUG   --- [    Test worker] o.s.web.client.RestTemplate              : Created PUT request for "http://localhost:8080/v2/service_instances/test_instance_id"
2015-07-24 13:14:05.167 DEBUG   --- [    Test worker] o.s.web.client.RestTemplate              : Setting request Accept header to [text/plain, application/json, application/*+json, */*]
2015-07-24 13:14:05.167 DEBUG   --- [    Test worker] o.s.web.client.RestTemplate              : Writing [org.openpaas.servicebroker.common.ProvisionBody@3f8eebb6] as "application/json" using [org.springframework.http.converter.json.MappingJackson2HttpMessageConverter@40151a53]
2015-07-24 13:14:05.343 DEBUG   --- [    Test worker] o.s.web.client.RestTemplate              : PUT request for "http://localhost:8080/v2/service_instances/test_instance_id" resulted in 500 (Internal Server Error)
2015-07-24 13:14:05.343 DEBUG   --- [    Test worker] o.s.web.client.RestTemplate              : Reading [java.lang.String] as "application/json;charset=UTF-8" using [org.springframework.http.converter.StringHttpMessageConverter@29736003]
{"description":"Invalid ServiceID or Invalid PlanID. ServiceID :[Naver 1.0.0], PlanID :[Neighbor 1.0.0 Unlimited] - P006,P007,P008,P016,P018"}
P006_End - duplicate_instance_fail_planID
P007_Start - fail service id
2015-07-24 13:14:05.358 DEBUG   --- [    Test worker] o.s.web.client.RestTemplate              : Created PUT request for "http://localhost:8080/v2/service_instances/2ede6cb1-757b-4d8c-ab71-b771784b0666"
2015-07-24 13:14:05.358 DEBUG   --- [    Test worker] o.s.web.client.RestTemplate              : Setting request Accept header to [text/plain, application/json, application/*+json, */*]
2015-07-24 13:14:05.358 DEBUG   --- [    Test worker] o.s.web.client.RestTemplate              : Writing [org.openpaas.servicebroker.common.ProvisionBody@55a47a37] as "application/json" using [org.springframework.http.converter.json.MappingJackson2HttpMessageConverter@2153dcce]
2015-07-24 13:14:05.483 DEBUG   --- [    Test worker] o.s.web.client.RestTemplate              : PUT request for "http://localhost:8080/v2/service_instances/2ede6cb1-757b-4d8c-ab71-b771784b0666" resulted in 422 (Unprocessable Entity)
2015-07-24 13:14:05.483 DEBUG   --- [    Test worker] o.s.web.client.RestTemplate              : Reading [java.lang.String] as "application/json;charset=UTF-8" using [org.springframework.http.converter.StringHttpMessageConverter@8c5697a]
{"description":"ServiceDefinition does not exist: id = Neighbor 1.0.0"}
P007_End - fail service id
P008_Start - fail plan id
2015-07-24 13:14:05.499 DEBUG   --- [    Test worker] o.s.web.client.RestTemplate              : Created PUT request for "http://localhost:8080/v2/service_instances/9cef23ab-5832-4546-aace-904c80cd5124"
2015-07-24 13:14:05.499 DEBUG   --- [    Test worker] o.s.web.client.RestTemplate              : Setting request Accept header to [text/plain, application/json, application/*+json, */*]
2015-07-24 13:14:05.499 DEBUG   --- [    Test worker] o.s.web.client.RestTemplate              : Writing [org.openpaas.servicebroker.common.ProvisionBody@588fcd15] as "application/json" using [org.springframework.http.converter.json.MappingJackson2HttpMessageConverter@48e14b1f]
2015-07-24 13:14:05.639 DEBUG   --- [    Test worker] o.s.web.client.RestTemplate              : PUT request for "http://localhost:8080/v2/service_instances/9cef23ab-5832-4546-aace-904c80cd5124" resulted in 500 (Internal Server Error)
2015-07-24 13:14:05.639 DEBUG   --- [    Test worker] o.s.web.client.RestTemplate              : Reading [java.lang.String] as "application/json;charset=UTF-8" using [org.springframework.http.converter.StringHttpMessageConverter@3f0b059a]
{"description":"Invalid ServiceID or Invalid PlanID. ServiceID :[Naver 1.0.0], PlanID :[Neighbor 1.0.0 Unlimited] - P006,P007,P008,P016,P018"}
P008_End - fail plan id
P009_Start - duplicate instance
2015-07-24 13:14:05.655 DEBUG   --- [    Test worker] o.s.web.client.RestTemplate              : Created PUT request for "http://localhost:8080/v2/service_instances/test_instance_id"
2015-07-24 13:14:05.655 DEBUG   --- [    Test worker] o.s.web.client.RestTemplate              : Setting request Accept header to [text/plain, application/json, application/*+json, */*]
2015-07-24 13:14:05.655 DEBUG   --- [    Test worker] o.s.web.client.RestTemplate              : Writing [org.openpaas.servicebroker.common.ProvisionBody@6c9ce1cb] as "application/json" using [org.springframework.http.converter.json.MappingJackson2HttpMessageConverter@2fac0e22]
2015-07-24 13:14:06.216 DEBUG   --- [    Test worker] o.s.web.client.RestTemplate              : PUT request for "http://localhost:8080/v2/service_instances/test_instance_id" resulted in 200 (OK)
2015-07-24 13:14:06.216 DEBUG   --- [    Test worker] o.s.web.client.RestTemplate              : Reading [java.lang.String] as "application/json;charset=UTF-8" using [org.springframework.http.converter.StringHttpMessageConverter@52de4d61]
{"dashboard_url":"http://115.68.46.28:9443/store/?tenant=carbon.super"}
P009_End - duplicate instance
P010_Start - empty parameters_instance id
2015-07-24 13:14:06.232 DEBUG   --- [    Test worker] o.s.web.client.RestTemplate              : Created PUT request for "http://localhost:8080/v2/service_instances/"
2015-07-24 13:14:06.232 DEBUG   --- [    Test worker] o.s.web.client.RestTemplate              : Setting request Accept header to [text/plain, application/json, application/*+json, */*]
2015-07-24 13:14:06.232 DEBUG   --- [    Test worker] o.s.web.client.RestTemplate              : Writing [org.openpaas.servicebroker.common.ProvisionBody@2acb4dcf] as "application/json" using [org.springframework.http.converter.json.MappingJackson2HttpMessageConverter@96166fc]
2015-07-24 13:14:06.232 DEBUG   --- [    Test worker] o.s.web.client.RestTemplate              : PUT request for "http://localhost:8080/v2/service_instances/" resulted in 404 (Not Found)
2015-07-24 13:14:06.232 DEBUG   --- [    Test worker] o.s.web.client.RestTemplate              : Reading [java.lang.String] as "application/json;charset=UTF-8" using [org.springframework.http.converter.StringHttpMessageConverter@59b02f33]
{"timestamp":1437711246232,"status":404,"error":"Not Found","message":"No message available","path":"/v2/service_instances/"}
P010_End - empty parameters_instance id
P011_Start - empty parameters_organization id
2015-07-24 13:14:06.247 DEBUG   --- [    Test worker] o.s.web.client.RestTemplate              : Created PUT request for "http://localhost:8080/v2/service_instances/test_instance_id"
2015-07-24 13:14:06.247 DEBUG   --- [    Test worker] o.s.web.client.RestTemplate              : Setting request Accept header to [text/plain, application/json, application/*+json, */*]
2015-07-24 13:14:06.247 DEBUG   --- [    Test worker] o.s.web.client.RestTemplate              : Writing [org.openpaas.servicebroker.common.ProvisionBody@3deaeb45] as "application/json" using [org.springframework.http.converter.json.MappingJackson2HttpMessageConverter@9fc1ec5]
2015-07-24 13:14:06.247 DEBUG   --- [    Test worker] o.s.web.client.RestTemplate              : PUT request for "http://localhost:8080/v2/service_instances/test_instance_id" resulted in 422 (Unprocessable Entity)
2015-07-24 13:14:06.247 DEBUG   --- [    Test worker] o.s.web.client.RestTemplate              : Reading [java.lang.String] as "application/json;charset=UTF-8" using [org.springframework.http.converter.StringHttpMessageConverter@7481ca2]
{"description":"Missing required fields: organizationGuid"}
P011_End - empty parameters_organization id
P012_Start - empty parameters_service_id
2015-07-24 13:14:06.263 DEBUG   --- [    Test worker] o.s.web.client.RestTemplate              : Created PUT request for "http://localhost:8080/v2/service_instances/test_instance_id"
2015-07-24 13:14:06.263 DEBUG   --- [    Test worker] o.s.web.client.RestTemplate              : Setting request Accept header to [text/plain, application/json, application/*+json, */*]
2015-07-24 13:14:06.263 DEBUG   --- [    Test worker] o.s.web.client.RestTemplate              : Writing [org.openpaas.servicebroker.common.ProvisionBody@f4fd36a] as "application/json" using [org.springframework.http.converter.json.MappingJackson2HttpMessageConverter@41c0dc00]
2015-07-24 13:14:06.279 DEBUG   --- [    Test worker] o.s.web.client.RestTemplate              : PUT request for "http://localhost:8080/v2/service_instances/test_instance_id" resulted in 422 (Unprocessable Entity)
2015-07-24 13:14:06.279 DEBUG   --- [    Test worker] o.s.web.client.RestTemplate              : Reading [java.lang.String] as "application/json;charset=UTF-8" using [org.springframework.http.converter.StringHttpMessageConverter@5caba5b9]
{"description":"Missing required fields: serviceDefinitionId"}
P012_End - empty parameters_service_id
P013_Start - empty parameters_plan_id
2015-07-24 13:14:06.279 DEBUG   --- [    Test worker] o.s.web.client.RestTemplate              : Created PUT request for "http://localhost:8080/v2/service_instances/8f50bfa7-c728-403f-9d4c-7123c8436197"
2015-07-24 13:14:06.279 DEBUG   --- [    Test worker] o.s.web.client.RestTemplate              : Setting request Accept header to [text/plain, application/json, application/*+json, */*]
2015-07-24 13:14:06.279 DEBUG   --- [    Test worker] o.s.web.client.RestTemplate              : Writing [org.openpaas.servicebroker.common.ProvisionBody@90d4437] as "application/json" using [org.springframework.http.converter.json.MappingJackson2HttpMessageConverter@45f97b85]
2015-07-24 13:14:06.294 DEBUG   --- [    Test worker] o.s.web.client.RestTemplate              : PUT request for "http://localhost:8080/v2/service_instances/8f50bfa7-c728-403f-9d4c-7123c8436197" resulted in 422 (Unprocessable Entity)
2015-07-24 13:14:06.294 DEBUG   --- [    Test worker] o.s.web.client.RestTemplate              : Reading [java.lang.String] as "application/json;charset=UTF-8" using [org.springframework.http.converter.StringHttpMessageConverter@7e1c7ca6]
{"description":"Missing required fields: planId"}
P013_End - empty parameters_plan_id
P014_Start - duplicate_instance_other_orgID
2015-07-24 13:14:06.310 DEBUG   --- [    Test worker] o.s.web.client.RestTemplate              : Created PUT request for "http://localhost:8080/v2/service_instances/test_instance_id"
2015-07-24 13:14:06.310 DEBUG   --- [    Test worker] o.s.web.client.RestTemplate              : Setting request Accept header to [text/plain, application/json, application/*+json, */*]
2015-07-24 13:14:06.310 DEBUG   --- [    Test worker] o.s.web.client.RestTemplate              : Writing [org.openpaas.servicebroker.common.ProvisionBody@3bb6f9] as "application/json" using [org.springframework.http.converter.json.MappingJackson2HttpMessageConverter@5069958d]
2015-07-24 13:14:06.498 DEBUG   --- [    Test worker] o.s.web.client.RestTemplate              : PUT request for "http://localhost:8080/v2/service_instances/test_instance_id" resulted in 409 (Conflict)
2015-07-24 13:14:06.498 DEBUG   --- [    Test worker] o.s.web.client.RestTemplate              : Reading [java.lang.String] as "text/plain;charset=ISO-8859-1" using [org.springframework.http.converter.StringHttpMessageConverter@43d98539]
{}
P014_End - duplicate_instance_other_orgID
P016_Start - duplicate_instance_other_serviceID
2015-07-24 13:14:06.529 DEBUG   --- [    Test worker] o.s.web.client.RestTemplate              : Created PUT request for "http://localhost:8080/v2/service_instances/test_instance_id"
2015-07-24 13:14:06.529 DEBUG   --- [    Test worker] o.s.web.client.RestTemplate              : Setting request Accept header to [text/plain, application/json, application/*+json, */*]
2015-07-24 13:14:06.529 DEBUG   --- [    Test worker] o.s.web.client.RestTemplate              : Writing [org.openpaas.servicebroker.common.ProvisionBody@7db983fb] as "application/json" using [org.springframework.http.converter.json.MappingJackson2HttpMessageConverter@1e881439]
2015-07-24 13:14:06.685 DEBUG   --- [    Test worker] o.s.web.client.RestTemplate              : PUT request for "http://localhost:8080/v2/service_instances/test_instance_id" resulted in 500 (Internal Server Error)
2015-07-24 13:14:06.685 DEBUG   --- [    Test worker] o.s.web.client.RestTemplate              : Reading [java.lang.String] as "application/json;charset=UTF-8" using [org.springframework.http.converter.StringHttpMessageConverter@77e7b9d7]
{"description":"Invalid ServiceID or Invalid PlanID. ServiceID :[Google char], PlanID :[Naver 1.0.0 Unlimited] - P006,P007,P008,P016,P018"}
P016_End - duplicate_instance_other_serviceID
P017_Start - removed_instance_id
2015-07-24 13:14:06.701 DEBUG   --- [    Test worker] o.s.web.client.RestTemplate              : Created PUT request for "http://localhost:8080/v2/service_instances/removed_test_instance_id"
2015-07-24 13:14:06.701 DEBUG   --- [    Test worker] o.s.web.client.RestTemplate              : Setting request Accept header to [text/plain, application/json, application/*+json, */*]
2015-07-24 13:14:06.701 DEBUG   --- [    Test worker] o.s.web.client.RestTemplate              : Writing [org.openpaas.servicebroker.common.ProvisionBody@e5a0fc1] as "application/json" using [org.springframework.http.converter.json.MappingJackson2HttpMessageConverter@3ac04f43]
2015-07-24 13:14:06.966 DEBUG   --- [    Test worker] o.s.web.client.RestTemplate              : PUT request for "http://localhost:8080/v2/service_instances/removed_test_instance_id" resulted in 500 (Internal Server Error)
2015-07-24 13:14:06.966 DEBUG   --- [    Test worker] o.s.web.client.RestTemplate              : Reading [java.lang.String] as "application/json;charset=UTF-8" using [org.springframework.http.converter.StringHttpMessageConverter@2793d5d7]
{"description":"already removed Service Instance : [removed_test_instance_id] - P017"}
P017_End - removed_instance_id
P018_Start - invalid_serviceID_planID
2015-07-24 13:14:06.982 DEBUG   --- [    Test worker] o.s.web.client.RestTemplate              : Created PUT request for "http://localhost:8080/v2/service_instances/8d786d61-60ea-4313-9279-3bed89a0f2a2"
2015-07-24 13:14:06.982 DEBUG   --- [    Test worker] o.s.web.client.RestTemplate              : Setting request Accept header to [text/plain, application/json, application/*+json, */*]
2015-07-24 13:14:06.982 DEBUG   --- [    Test worker] o.s.web.client.RestTemplate              : Writing [org.openpaas.servicebroker.common.ProvisionBody@7a95626d] as "application/json" using [org.springframework.http.converter.json.MappingJackson2HttpMessageConverter@657120fa]
2015-07-24 13:14:07.122 DEBUG   --- [    Test worker] o.s.web.client.RestTemplate              : PUT request for "http://localhost:8080/v2/service_instances/8d786d61-60ea-4313-9279-3bed89a0f2a2" resulted in 500 (Internal Server Error)
2015-07-24 13:14:07.122 DEBUG   --- [    Test worker] o.s.web.client.RestTemplate              : Reading [java.lang.String] as "application/json;charset=UTF-8" using [org.springframework.http.converter.StringHttpMessageConverter@5fe043cf]
{"description":"Invalid ServiceID or Invalid PlanID. ServiceID :[Naver 1.0.0], PlanID :[Google char Unlimited] - P006,P007,P008,P016,P018"}
P018_End - invalid_serviceID_planID
]]></system-out>
  <system-err><![CDATA[org.openpaas.servicebroker.exception.ServiceBrokerException: No Application
	at org.openpaas.servicebroker.apiplatform.common.ApiPlatformUtils.apiPlatformErrorMessageCheck(ApiPlatformUtils.java:57)
	at org.openpaas.servicebroker.apiplatform.common.APIPlatformAPI.removeApplication(APIPlatformAPI.java:56)
	at org.openpaas.servicebroker.apiplatform.test.ProvisionRestTest.init(ProvisionRestTest.java:68)
	at sun.reflect.NativeMethodAccessorImpl.invoke0(Native Method)
	at sun.reflect.NativeMethodAccessorImpl.invoke(NativeMethodAccessorImpl.java:57)
	at sun.reflect.DelegatingMethodAccessorImpl.invoke(DelegatingMethodAccessorImpl.java:43)
	at java.lang.reflect.Method.invoke(Method.java:606)
	at org.junit.runners.model.FrameworkMethod$1.runReflectiveCall(FrameworkMethod.java:50)
	at org.junit.internal.runners.model.ReflectiveCallable.run(ReflectiveCallable.java:12)
	at org.junit.runners.model.FrameworkMethod.invokeExplosively(FrameworkMethod.java:47)
	at org.junit.internal.runners.statements.RunBefores.evaluate(RunBefores.java:24)
	at org.junit.runners.ParentRunner.run(ParentRunner.java:363)
	at org.gradle.api.internal.tasks.testing.junit.JUnitTestClassExecuter.runTestClass(JUnitTestClassExecuter.java:86)
	at org.gradle.api.internal.tasks.testing.junit.JUnitTestClassExecuter.execute(JUnitTestClassExecuter.java:49)
	at org.gradle.api.internal.tasks.testing.junit.JUnitTestClassProcessor.processTestClass(JUnitTestClassProcessor.java:64)
	at org.gradle.api.internal.tasks.testing.SuiteTestClassProcessor.processTestClass(SuiteTestClassProcessor.java:50)
	at sun.reflect.NativeMethodAccessorImpl.invoke0(Native Method)
	at sun.reflect.NativeMethodAccessorImpl.invoke(NativeMethodAccessorImpl.java:57)
	at sun.reflect.DelegatingMethodAccessorImpl.invoke(DelegatingMethodAccessorImpl.java:43)
	at java.lang.reflect.Method.invoke(Method.java:606)
	at org.gradle.messaging.dispatch.ReflectionDispatch.dispatch(ReflectionDispatch.java:35)
	at org.gradle.messaging.dispatch.ReflectionDispatch.dispatch(ReflectionDispatch.java:24)
	at org.gradle.messaging.dispatch.ContextClassLoaderDispatch.dispatch(ContextClassLoaderDispatch.java:32)
	at org.gradle.messaging.dispatch.ProxyDispatchAdapter$DispatchingInvocationHandler.invoke(ProxyDispatchAdapter.java:93)
	at com.sun.proxy.$Proxy2.processTestClass(Unknown Source)
	at org.gradle.api.internal.tasks.testing.worker.TestWorker.processTestClass(TestWorker.java:106)
	at sun.reflect.NativeMethodAccessorImpl.invoke0(Native Method)
	at sun.reflect.NativeMethodAccessorImpl.invoke(NativeMethodAccessorImpl.java:57)
	at sun.reflect.DelegatingMethodAccessorImpl.invoke(DelegatingMethodAccessorImpl.java:43)
	at java.lang.reflect.Method.invoke(Method.java:606)
	at org.gradle.messaging.dispatch.ReflectionDispatch.dispatch(ReflectionDispatch.java:35)
	at org.gradle.messaging.dispatch.ReflectionDispatch.dispatch(ReflectionDispatch.java:24)
	at org.gradle.messaging.remote.internal.hub.MessageHub$Handler.run(MessageHub.java:360)
	at org.gradle.internal.concurrent.DefaultExecutorFactory$StoppableExecutorImpl$1.run(DefaultExecutorFactory.java:64)
	at java.util.concurrent.ThreadPoolExecutor.runWorker(ThreadPoolExecutor.java:1145)
	at java.util.concurrent.ThreadPoolExecutor$Worker.run(ThreadPoolExecutor.java:615)
	at java.lang.Thread.run(Thread.java:745)
]]></system-err>
</testsuite>
