<?xml version="1.0" encoding="UTF-8"?>
<testsuite name="org.openpaas.servicebroker.apiplatform.test.DeprovisionRestTest" tests="9" skipped="0" failures="0" errors="0" timestamp="2015-07-24T04:14:00" hostname="김도준-HP" time="2.374">
  <properties/>
  <testcase name="D001_invalid_parameters_plan_id_test" classname="org.openpaas.servicebroker.apiplatform.test.DeprovisionRestTest" time="0.11"/>
  <testcase name="D002_invalid_parameters_service_id_test" classname="org.openpaas.servicebroker.apiplatform.test.DeprovisionRestTest" time="0.093"/>
  <testcase name="D003_invalid_parameters_instance_id_test" classname="org.openpaas.servicebroker.apiplatform.test.DeprovisionRestTest" time="0.204"/>
  <testcase name="D005_removed_application_test" classname="org.openpaas.servicebroker.apiplatform.test.DeprovisionRestTest" time="0.218"/>
  <testcase name="D006_removed_subscription_test" classname="org.openpaas.servicebroker.apiplatform.test.DeprovisionRestTest" time="0.718"/>
  <testcase name="D007_changed_lifecycle_test" classname="org.openpaas.servicebroker.apiplatform.test.DeprovisionRestTest" time="0.422"/>
  <testcase name="D008_removed_user_DB_test" classname="org.openpaas.servicebroker.apiplatform.test.DeprovisionRestTest" time="0.234"/>
  <testcase name="D010_valid_parameters_test" classname="org.openpaas.servicebroker.apiplatform.test.DeprovisionRestTest" time="0.234"/>
  <testcase name="D011_valid_parameters_removed_test" classname="org.openpaas.servicebroker.apiplatform.test.DeprovisionRestTest" time="0.125"/>
  <system-out><![CDATA[== Started test Deprovision API ==
2015-07-24 13:14:00.358 DEBUG   --- [    Test worker] o.s.web.client.RestTemplate              : Created POST request for "http://115.68.46.28:9763/store/site/blocks/user/login/ajax/login.jag"
2015-07-24 13:14:00.358 DEBUG   --- [    Test worker] o.s.web.client.RestTemplate              : Setting request Accept header to [text/plain, application/json, application/*+json, */*]
2015-07-24 13:14:00.358 DEBUG   --- [    Test worker] o.s.web.client.RestTemplate              : Writing [action=login&username=test-user&password=openpaas] as "application/x-www-form-urlencoded" using [org.springframework.http.converter.StringHttpMessageConverter@37227f8a]
2015-07-24 13:14:00.436 DEBUG   --- [    Test worker] o.s.web.client.RestTemplate              : POST request for "http://115.68.46.28:9763/store/site/blocks/user/login/ajax/login.jag" resulted in 200 (OK)
2015-07-24 13:14:00.436 DEBUG   --- [    Test worker] o.s.web.client.RestTemplate              : Reading [java.lang.String] as "application/json;charset=UTF-8" using [org.springframework.http.converter.StringHttpMessageConverter@37227f8a]
2015-07-24 13:14:00.436  INFO   --- [    Test worker] o.o.s.common.HttpClientUtils             : Get APIPlatform API Http Response
2015-07-24 13:14:00.436  INFO   --- [    Test worker] o.o.servicebroker.common.JsonUtils       : Json Convert completed
2015-07-24 13:14:00.436 DEBUG   --- [    Test worker] o.s.web.client.RestTemplate              : Created POST request for "http://115.68.46.28:9763/store/site/blocks/application/application-remove/ajax/application-remove.jag"
2015-07-24 13:14:00.452 DEBUG   --- [    Test worker] o.s.web.client.RestTemplate              : Setting request Accept header to [text/plain, application/json, application/*+json, */*]
2015-07-24 13:14:00.452 DEBUG   --- [    Test worker] o.s.web.client.RestTemplate              : Writing [action=removeApplication&application=no_application_test_instance_id] as "application/x-www-form-urlencoded" using [org.springframework.http.converter.StringHttpMessageConverter@39e3594d]
2015-07-24 13:14:00.483 DEBUG   --- [    Test worker] o.s.web.client.RestTemplate              : POST request for "http://115.68.46.28:9763/store/site/blocks/application/application-remove/ajax/application-remove.jag" resulted in 200 (OK)
2015-07-24 13:14:00.483 DEBUG   --- [    Test worker] o.s.web.client.RestTemplate              : Reading [java.lang.String] as "application/json;charset=UTF-8" using [org.springframework.http.converter.StringHttpMessageConverter@39e3594d]
2015-07-24 13:14:00.483  INFO   --- [    Test worker] o.o.s.common.HttpClientUtils             : Get APIPlatform API Http Response
2015-07-24 13:14:00.483  INFO   --- [    Test worker] o.o.servicebroker.common.JsonUtils       : Json Convert completed
2015-07-24 13:14:00.483  INFO   --- [    Test worker] o.o.s.a.common.ApiPlatformUtils          : API Platform Message : Error occurred while executing the action removeApplication
2015-07-24 13:14:00.498 DEBUG   --- [    Test worker] o.s.web.client.RestTemplate              : Created POST request for "http://115.68.46.28:9763/store/site/blocks/application/application-add/ajax/application-add.jag"
2015-07-24 13:14:00.498 DEBUG   --- [    Test worker] o.s.web.client.RestTemplate              : Setting request Accept header to [text/plain, application/json, application/*+json, */*]
2015-07-24 13:14:00.498 DEBUG   --- [    Test worker] o.s.web.client.RestTemplate              : Writing [action=addApplication&application=no_subscription_test_instance_id&tier=Unlimited&description=&callbackUrl=] as "application/x-www-form-urlencoded" using [org.springframework.http.converter.StringHttpMessageConverter@7f3dd167]
2015-07-24 13:14:00.530 DEBUG   --- [    Test worker] o.s.web.client.RestTemplate              : POST request for "http://115.68.46.28:9763/store/site/blocks/application/application-add/ajax/application-add.jag" resulted in 200 (OK)
2015-07-24 13:14:00.530 DEBUG   --- [    Test worker] o.s.web.client.RestTemplate              : Reading [java.lang.String] as "application/json;charset=UTF-8" using [org.springframework.http.converter.StringHttpMessageConverter@7f3dd167]
2015-07-24 13:14:00.530  INFO   --- [    Test worker] o.o.s.common.HttpClientUtils             : Get APIPlatform API Http Response
2015-07-24 13:14:00.530  INFO   --- [    Test worker] o.o.servicebroker.common.JsonUtils       : Json Convert completed
2015-07-24 13:14:00.530  INFO   --- [    Test worker] o.o.s.a.common.ApiPlatformUtils          : API Platform Message :  A duplicate application already exists by the name - no_subscription_test_instance_id
2015-07-24 13:14:00.545 DEBUG   --- [    Test worker] o.s.web.client.RestTemplate              : Created GET request for "http://115.68.46.28:9763/store/site/blocks/application/application-list/ajax/application-list.jag?action=getApplications"
2015-07-24 13:14:00.545 DEBUG   --- [    Test worker] o.s.web.client.RestTemplate              : Setting request Accept header to [text/plain, application/json, application/*+json, */*]
2015-07-24 13:14:00.545 DEBUG   --- [    Test worker] o.s.web.client.RestTemplate              : Writing [] as "application/x-www-form-urlencoded" using [org.springframework.http.converter.StringHttpMessageConverter@577a2815]
2015-07-24 13:14:00.576 DEBUG   --- [    Test worker] o.s.web.client.RestTemplate              : GET request for "http://115.68.46.28:9763/store/site/blocks/application/application-list/ajax/application-list.jag?action=getApplications" resulted in 200 (OK)
2015-07-24 13:14:00.576 DEBUG   --- [    Test worker] o.s.web.client.RestTemplate              : Reading [java.lang.String] as "application/json;charset=UTF-8" using [org.springframework.http.converter.StringHttpMessageConverter@577a2815]
2015-07-24 13:14:00.592  INFO   --- [    Test worker] o.o.s.common.HttpClientUtils             : Get APIPlatform API Http Response
2015-07-24 13:14:00.592  INFO   --- [    Test worker] o.o.servicebroker.common.JsonUtils       : Json Convert completed
2015-07-24 13:14:00.623 DEBUG   --- [    Test worker] o.s.web.client.RestTemplate              : Created POST request for "http://115.68.46.28:9763/store/site/blocks/subscription/subscription-remove/ajax/subscription-remove.jag"
2015-07-24 13:14:00.623 DEBUG   --- [    Test worker] o.s.web.client.RestTemplate              : Setting request Accept header to [text/plain, application/json, application/*+json, */*]
2015-07-24 13:14:00.623 DEBUG   --- [    Test worker] o.s.web.client.RestTemplate              : Writing [action=removeSubscription&name=Naver&version=1.0.0&provider=apicreator&applicationId=462] as "application/x-www-form-urlencoded" using [org.springframework.http.converter.StringHttpMessageConverter@14dda791]
2015-07-24 13:14:00.654 DEBUG   --- [    Test worker] o.s.web.client.RestTemplate              : POST request for "http://115.68.46.28:9763/store/site/blocks/subscription/subscription-remove/ajax/subscription-remove.jag" resulted in 200 (OK)
2015-07-24 13:14:00.654 DEBUG   --- [    Test worker] o.s.web.client.RestTemplate              : Reading [java.lang.String] as "application/json;charset=UTF-8" using [org.springframework.http.converter.StringHttpMessageConverter@14dda791]
2015-07-24 13:14:00.654  INFO   --- [    Test worker] o.o.s.common.HttpClientUtils             : Get APIPlatform API Http Response
2015-07-24 13:14:00.654  INFO   --- [    Test worker] o.o.servicebroker.common.JsonUtils       : Json Convert completed
2015-07-24 13:14:00.670 DEBUG   --- [    Test worker] o.s.web.client.RestTemplate              : Created POST request for "http://115.68.46.28:9763/publisher/site/blocks/user/login/ajax/login.jag"
2015-07-24 13:14:00.670 DEBUG   --- [    Test worker] o.s.web.client.RestTemplate              : Setting request Accept header to [text/plain, application/json, application/*+json, */*]
2015-07-24 13:14:00.670 DEBUG   --- [    Test worker] o.s.web.client.RestTemplate              : Writing [action=login&username=apipublisher&password=qwer1234] as "application/x-www-form-urlencoded" using [org.springframework.http.converter.StringHttpMessageConverter@64242b4a]
2015-07-24 13:14:00.779 DEBUG   --- [    Test worker] o.s.web.client.RestTemplate              : POST request for "http://115.68.46.28:9763/publisher/site/blocks/user/login/ajax/login.jag" resulted in 200 (OK)
2015-07-24 13:14:00.779 DEBUG   --- [    Test worker] o.s.web.client.RestTemplate              : Reading [java.lang.String] as "application/json;charset=UTF-8" using [org.springframework.http.converter.StringHttpMessageConverter@64242b4a]
2015-07-24 13:14:00.795  INFO   --- [    Test worker] o.o.s.common.HttpClientUtils             : Get APIPlatform API Http Response
2015-07-24 13:14:00.795  INFO   --- [    Test worker] o.o.servicebroker.common.JsonUtils       : Json Convert completed
2015-07-24 13:14:00.826 DEBUG   --- [    Test worker] o.s.web.client.RestTemplate              : Created POST request for "http://115.68.46.28:9763/publisher/site/blocks/life-cycles/ajax/life-cycles.jag"
2015-07-24 13:14:00.826 DEBUG   --- [    Test worker] o.s.web.client.RestTemplate              : Setting request Accept header to [text/plain, application/json, application/*+json, */*]
2015-07-24 13:14:00.826 DEBUG   --- [    Test worker] o.s.web.client.RestTemplate              : Writing [action=updateStatus&name=PhoneVerification&version=2.0.0&provider=apicreator&status=CREATED&publishToGateway=true&requireResubscription=true] as "application/x-www-form-urlencoded" using [org.springframework.http.converter.StringHttpMessageConverter@7a960b08]
2015-07-24 13:14:00.873 DEBUG   --- [    Test worker] o.s.web.client.RestTemplate              : POST request for "http://115.68.46.28:9763/publisher/site/blocks/life-cycles/ajax/life-cycles.jag" resulted in 200 (OK)
2015-07-24 13:14:00.873 DEBUG   --- [    Test worker] o.s.web.client.RestTemplate              : Reading [java.lang.String] as "text/plain;charset=UTF-8" using [org.springframework.http.converter.StringHttpMessageConverter@7a960b08]
2015-07-24 13:14:00.873  INFO   --- [    Test worker] o.o.s.common.HttpClientUtils             : Get APIPlatform API Http Response
2015-07-24 13:14:00.888  INFO   --- [    Test worker] o.o.servicebroker.common.JsonUtils       : Json Convert completed
Start - D001_invalid_parameters_plan_id_test
2015-07-24 13:14:00.920 DEBUG   --- [    Test worker] o.s.web.client.RestTemplate              : Created DELETE request for "http://localhost:8080/v2/service_instances/test_instance_id?service_id=Naver%201.0.0&plan_id=Neighbor%201.0.0%20Unlimited"
2015-07-24 13:14:00.920 DEBUG   --- [    Test worker] o.s.web.client.RestTemplate              : Setting request Accept header to [text/plain, application/json, application/*+json, */*]
2015-07-24 13:14:00.920 DEBUG   --- [    Test worker] o.s.web.client.RestTemplate              : Writing [] as "application/json" using [org.springframework.http.converter.StringHttpMessageConverter@10ae7918]
2015-07-24 13:14:00.998 DEBUG   --- [    Test worker] o.s.web.client.RestTemplate              : DELETE request for "http://localhost:8080/v2/service_instances/test_instance_id?service_id=Naver%201.0.0&plan_id=Neighbor%201.0.0%20Unlimited" resulted in 500 (Internal Server Error)
2015-07-24 13:14:00.998 DEBUG   --- [    Test worker] o.s.web.client.RestTemplate              : Reading [java.lang.String] as "application/json;charset=UTF-8" using [org.springframework.http.converter.StringHttpMessageConverter@10ae7918]
2015-07-24 13:14:00.998  INFO   --- [    Test worker] o.o.s.common.HttpClientUtils             : Get APIPlatform API Http Response
500
{"description":"Invalid PlanID :[Neighbor 1.0.0 Unlimited] Valid PlanID: [Naver 1.0.0 Unlimited] - D001"}
End - D001_invalid_parameters_plan_id_test
Start - D002_invalid_parameters_service_id_test
2015-07-24 13:14:01.013 DEBUG   --- [    Test worker] o.s.web.client.RestTemplate              : Created DELETE request for "http://localhost:8080/v2/service_instances/test_instance_id?service_id=Neighbor%201.0.0&plan_id=Naver%201.0.0%20Unlimited"
2015-07-24 13:14:01.013 DEBUG   --- [    Test worker] o.s.web.client.RestTemplate              : Setting request Accept header to [text/plain, application/json, application/*+json, */*]
2015-07-24 13:14:01.013 DEBUG   --- [    Test worker] o.s.web.client.RestTemplate              : Writing [] as "application/json" using [org.springframework.http.converter.StringHttpMessageConverter@2e901f36]
2015-07-24 13:14:01.091 DEBUG   --- [    Test worker] o.s.web.client.RestTemplate              : DELETE request for "http://localhost:8080/v2/service_instances/test_instance_id?service_id=Neighbor%201.0.0&plan_id=Naver%201.0.0%20Unlimited" resulted in 500 (Internal Server Error)
2015-07-24 13:14:01.091 DEBUG   --- [    Test worker] o.s.web.client.RestTemplate              : Reading [java.lang.String] as "application/json;charset=UTF-8" using [org.springframework.http.converter.StringHttpMessageConverter@2e901f36]
2015-07-24 13:14:01.091  INFO   --- [    Test worker] o.o.s.common.HttpClientUtils             : Get APIPlatform API Http Response
500
{"description":"Invalid ServiceID :[Neighbor 1.0.0] Valid ServiceID: [Naver 1.0.0] - D002"}
End - D002_invalid_parameters_service_id_test
Start - D003_invalid_parameters_instance_id_test
2015-07-24 13:14:01.122 DEBUG   --- [    Test worker] o.s.web.client.RestTemplate              : Created DELETE request for "http://localhost:8080/v2/service_instances/test_instance_id_fail?service_id=Naver%201.0.0&plan_id=Naver%201.0.0%20Unlimited"
2015-07-24 13:14:01.122 DEBUG   --- [    Test worker] o.s.web.client.RestTemplate              : Setting request Accept header to [text/plain, application/json, application/*+json, */*]
2015-07-24 13:14:01.122 DEBUG   --- [    Test worker] o.s.web.client.RestTemplate              : Writing [] as "application/json" using [org.springframework.http.converter.StringHttpMessageConverter@77f12a1b]
2015-07-24 13:14:01.295 DEBUG   --- [    Test worker] o.s.web.client.RestTemplate              : DELETE request for "http://localhost:8080/v2/service_instances/test_instance_id_fail?service_id=Naver%201.0.0&plan_id=Naver%201.0.0%20Unlimited" resulted in 410 (Gone)
2015-07-24 13:14:01.295 DEBUG   --- [    Test worker] o.s.web.client.RestTemplate              : Reading [java.lang.String] as "text/plain;charset=ISO-8859-1" using [org.springframework.http.converter.StringHttpMessageConverter@77f12a1b]
2015-07-24 13:14:01.295  INFO   --- [    Test worker] o.o.s.common.HttpClientUtils             : Get APIPlatform API Http Response
410
{}
End - D003_invalid_parameters_instance_id_test
Start - D005_removed_application_test
2015-07-24 13:14:01.311 DEBUG   --- [    Test worker] o.s.web.client.RestTemplate              : Created DELETE request for "http://localhost:8080/v2/service_instances/no_application_test_instance_id?service_id=Naver%201.0.0&plan_id=Naver%201.0.0%20Unlimited"
2015-07-24 13:14:01.311 DEBUG   --- [    Test worker] o.s.web.client.RestTemplate              : Setting request Accept header to [text/plain, application/json, application/*+json, */*]
2015-07-24 13:14:01.311 DEBUG   --- [    Test worker] o.s.web.client.RestTemplate              : Writing [] as "application/json" using [org.springframework.http.converter.StringHttpMessageConverter@7feba51b]
2015-07-24 13:14:01.513 DEBUG   --- [    Test worker] o.s.web.client.RestTemplate              : DELETE request for "http://localhost:8080/v2/service_instances/no_application_test_instance_id?service_id=Naver%201.0.0&plan_id=Naver%201.0.0%20Unlimited" resulted in 200 (OK)
2015-07-24 13:14:01.513 DEBUG   --- [    Test worker] o.s.web.client.RestTemplate              : Reading [java.lang.String] as "text/plain;charset=ISO-8859-1" using [org.springframework.http.converter.StringHttpMessageConverter@7feba51b]
2015-07-24 13:14:01.513  INFO   --- [    Test worker] o.o.s.common.HttpClientUtils             : Get APIPlatform API Http Response
200
{}
End - D005_removed_application_test
D006 == Start - removed_subscription_test
2015-07-24 13:14:01.545 DEBUG   --- [    Test worker] o.s.web.client.RestTemplate              : Created DELETE request for "http://localhost:8080/v2/service_instances/no_subscription_test_instance_id?service_id=Naver%201.0.0&plan_id=Naver%201.0.0%20Unlimited"
2015-07-24 13:14:01.545 DEBUG   --- [    Test worker] o.s.web.client.RestTemplate              : Setting request Accept header to [text/plain, application/json, application/*+json, */*]
2015-07-24 13:14:01.545 DEBUG   --- [    Test worker] o.s.web.client.RestTemplate              : Writing [] as "application/json" using [org.springframework.http.converter.StringHttpMessageConverter@47a4d139]
2015-07-24 13:14:02.247 DEBUG   --- [    Test worker] o.s.web.client.RestTemplate              : DELETE request for "http://localhost:8080/v2/service_instances/no_subscription_test_instance_id?service_id=Naver%201.0.0&plan_id=Naver%201.0.0%20Unlimited" resulted in 200 (OK)
2015-07-24 13:14:02.247 DEBUG   --- [    Test worker] o.s.web.client.RestTemplate              : Reading [java.lang.String] as "text/plain;charset=ISO-8859-1" using [org.springframework.http.converter.StringHttpMessageConverter@47a4d139]
2015-07-24 13:14:02.247  INFO   --- [    Test worker] o.o.s.common.HttpClientUtils             : Get APIPlatform API Http Response
200
{}
D006 == End - removed_subscription_test
D007 == Start - changed_lifecycle_test
2015-07-24 13:14:02.294 DEBUG   --- [    Test worker] o.s.web.client.RestTemplate              : Created DELETE request for "http://localhost:8080/v2/service_instances/lifecycle_changed_test_instance_id?service_id=PhoneVerification%202.0.0&plan_id=PhoneVerification%202.0.0%20Unlimited"
2015-07-24 13:14:02.294 DEBUG   --- [    Test worker] o.s.web.client.RestTemplate              : Setting request Accept header to [text/plain, application/json, application/*+json, */*]
2015-07-24 13:14:02.294 DEBUG   --- [    Test worker] o.s.web.client.RestTemplate              : Writing [] as "application/json" using [org.springframework.http.converter.StringHttpMessageConverter@15a419ee]
2015-07-24 13:14:02.669 DEBUG   --- [    Test worker] o.s.web.client.RestTemplate              : DELETE request for "http://localhost:8080/v2/service_instances/lifecycle_changed_test_instance_id?service_id=PhoneVerification%202.0.0&plan_id=PhoneVerification%202.0.0%20Unlimited" resulted in 200 (OK)
2015-07-24 13:14:02.669 DEBUG   --- [    Test worker] o.s.web.client.RestTemplate              : Reading [java.lang.String] as "text/plain;charset=ISO-8859-1" using [org.springframework.http.converter.StringHttpMessageConverter@15a419ee]
2015-07-24 13:14:02.669  INFO   --- [    Test worker] o.o.s.common.HttpClientUtils             : Get APIPlatform API Http Response
200
{}
D007 == End - changed_lifecycle_test
D008 == Start - removed_user_DB_test
2015-07-24 13:14:02.684 DEBUG   --- [    Test worker] o.s.web.client.RestTemplate              : Created DELETE request for "http://localhost:8080/v2/service_instances/removed_user_test_instance_id_DB?service_id=Naver%201.0.0&plan_id=Naver%201.0.0%20Unlimited"
2015-07-24 13:14:02.684 DEBUG   --- [    Test worker] o.s.web.client.RestTemplate              : Setting request Accept header to [text/plain, application/json, application/*+json, */*]
2015-07-24 13:14:02.684 DEBUG   --- [    Test worker] o.s.web.client.RestTemplate              : Writing [] as "application/json" using [org.springframework.http.converter.StringHttpMessageConverter@48a2635b]
2015-07-24 13:14:02.903 DEBUG   --- [    Test worker] o.s.web.client.RestTemplate              : DELETE request for "http://localhost:8080/v2/service_instances/removed_user_test_instance_id_DB?service_id=Naver%201.0.0&plan_id=Naver%201.0.0%20Unlimited" resulted in 500 (Internal Server Error)
2015-07-24 13:14:02.903 DEBUG   --- [    Test worker] o.s.web.client.RestTemplate              : Reading [java.lang.String] as "application/json;charset=UTF-8" using [org.springframework.http.converter.StringHttpMessageConverter@48a2635b]
2015-07-24 13:14:02.903  INFO   --- [    Test worker] o.o.s.common.HttpClientUtils             : Get APIPlatform API Http Response
500
{"description":"APIPlatform user information not found. OrganizationGUID :[removed_DB_test_org]"}
D008 == End - removed_user_DB_test
Start - D010_valid_parameters_test
2015-07-24 13:14:02.918 DEBUG   --- [    Test worker] o.s.web.client.RestTemplate              : Created DELETE request for "http://localhost:8080/v2/service_instances/deprovision-test?service_id=Naver%201.0.0&plan_id=Naver%201.0.0%20Unlimited"
2015-07-24 13:14:02.918 DEBUG   --- [    Test worker] o.s.web.client.RestTemplate              : Setting request Accept header to [text/plain, application/json, application/*+json, */*]
2015-07-24 13:14:02.918 DEBUG   --- [    Test worker] o.s.web.client.RestTemplate              : Writing [] as "application/json" using [org.springframework.http.converter.StringHttpMessageConverter@1d29109e]
2015-07-24 13:14:03.137 DEBUG   --- [    Test worker] o.s.web.client.RestTemplate              : DELETE request for "http://localhost:8080/v2/service_instances/deprovision-test?service_id=Naver%201.0.0&plan_id=Naver%201.0.0%20Unlimited" resulted in 200 (OK)
2015-07-24 13:14:03.137 DEBUG   --- [    Test worker] o.s.web.client.RestTemplate              : Reading [java.lang.String] as "text/plain;charset=ISO-8859-1" using [org.springframework.http.converter.StringHttpMessageConverter@1d29109e]
2015-07-24 13:14:03.137  INFO   --- [    Test worker] o.o.s.common.HttpClientUtils             : Get APIPlatform API Http Response
200
{}
End - D010_valid_parameters_test
Start - D011_valid_parameters_removed_test
2015-07-24 13:14:03.168 DEBUG   --- [    Test worker] o.s.web.client.RestTemplate              : Created DELETE request for "http://localhost:8080/v2/service_instances/removed_instance_id_DB?service_id=Naver%201.0.0&plan_id=Naver%201.0.0%20Unlimited"
2015-07-24 13:14:03.168 DEBUG   --- [    Test worker] o.s.web.client.RestTemplate              : Setting request Accept header to [text/plain, application/json, application/*+json, */*]
2015-07-24 13:14:03.168 DEBUG   --- [    Test worker] o.s.web.client.RestTemplate              : Writing [] as "application/json" using [org.springframework.http.converter.StringHttpMessageConverter@73020406]
2015-07-24 13:14:03.246 DEBUG   --- [    Test worker] o.s.web.client.RestTemplate              : DELETE request for "http://localhost:8080/v2/service_instances/removed_instance_id_DB?service_id=Naver%201.0.0&plan_id=Naver%201.0.0%20Unlimited" resulted in 500 (Internal Server Error)
2015-07-24 13:14:03.246 DEBUG   --- [    Test worker] o.s.web.client.RestTemplate              : Reading [java.lang.String] as "application/json;charset=UTF-8" using [org.springframework.http.converter.StringHttpMessageConverter@73020406]
2015-07-24 13:14:03.262  INFO   --- [    Test worker] o.o.s.common.HttpClientUtils             : Get APIPlatform API Http Response
500
{"description":"already removed Service Instance : [removed_instance_id_DB] - D011"}
End - D011_valid_parameters_removed_test
]]></system-out>
  <system-err><![CDATA[org.openpaas.servicebroker.exception.ServiceBrokerException: No Application
	at org.openpaas.servicebroker.apiplatform.common.ApiPlatformUtils.apiPlatformErrorMessageCheck(ApiPlatformUtils.java:57)
	at org.openpaas.servicebroker.apiplatform.common.APIPlatformAPI.removeApplication(APIPlatformAPI.java:56)
	at org.openpaas.servicebroker.apiplatform.test.DeprovisionRestTest.init(DeprovisionRestTest.java:66)
	at sun.reflect.NativeMethodAccessorImpl.invoke0(Native Method)
	at sun.reflect.NativeMethodAccessorImpl.invoke(NativeMethodAccessorImpl.java:57)
	at sun.reflect.DelegatingMethodAccessorImpl.invoke(DelegatingMethodAccessorImpl.java:43)
	at java.lang.reflect.Method.invoke(Method.java:606)
	at org.junit.runners.model.FrameworkMethod$1.runReflectiveCall(FrameworkMethod.java:50)
	at org.junit.internal.runners.model.ReflectiveCallable.run(ReflectiveCallable.java:12)
	at org.junit.runners.model.FrameworkMethod.invokeExplosively(FrameworkMethod.java:47)
	at org.junit.internal.runners.statements.RunBefores.evaluate(RunBefores.java:24)
	at org.junit.runners.ParentRunner.run(ParentRunner.java:363)
	at org.gradle.api.internal.tasks.testing.junit.JUnitTestClassExecuter.runTestClass(JUnitTestClassExecuter.java:86)
	at org.gradle.api.internal.tasks.testing.junit.JUnitTestClassExecuter.execute(JUnitTestClassExecuter.java:49)
	at org.gradle.api.internal.tasks.testing.junit.JUnitTestClassProcessor.processTestClass(JUnitTestClassProcessor.java:64)
	at org.gradle.api.internal.tasks.testing.SuiteTestClassProcessor.processTestClass(SuiteTestClassProcessor.java:50)
	at sun.reflect.NativeMethodAccessorImpl.invoke0(Native Method)
	at sun.reflect.NativeMethodAccessorImpl.invoke(NativeMethodAccessorImpl.java:57)
	at sun.reflect.DelegatingMethodAccessorImpl.invoke(DelegatingMethodAccessorImpl.java:43)
	at java.lang.reflect.Method.invoke(Method.java:606)
	at org.gradle.messaging.dispatch.ReflectionDispatch.dispatch(ReflectionDispatch.java:35)
	at org.gradle.messaging.dispatch.ReflectionDispatch.dispatch(ReflectionDispatch.java:24)
	at org.gradle.messaging.dispatch.ContextClassLoaderDispatch.dispatch(ContextClassLoaderDispatch.java:32)
	at org.gradle.messaging.dispatch.ProxyDispatchAdapter$DispatchingInvocationHandler.invoke(ProxyDispatchAdapter.java:93)
	at com.sun.proxy.$Proxy2.processTestClass(Unknown Source)
	at org.gradle.api.internal.tasks.testing.worker.TestWorker.processTestClass(TestWorker.java:106)
	at sun.reflect.NativeMethodAccessorImpl.invoke0(Native Method)
	at sun.reflect.NativeMethodAccessorImpl.invoke(NativeMethodAccessorImpl.java:57)
	at sun.reflect.DelegatingMethodAccessorImpl.invoke(DelegatingMethodAccessorImpl.java:43)
	at java.lang.reflect.Method.invoke(Method.java:606)
	at org.gradle.messaging.dispatch.ReflectionDispatch.dispatch(ReflectionDispatch.java:35)
	at org.gradle.messaging.dispatch.ReflectionDispatch.dispatch(ReflectionDispatch.java:24)
	at org.gradle.messaging.remote.internal.hub.MessageHub$Handler.run(MessageHub.java:360)
	at org.gradle.internal.concurrent.DefaultExecutorFactory$StoppableExecutorImpl$1.run(DefaultExecutorFactory.java:64)
	at java.util.concurrent.ThreadPoolExecutor.runWorker(ThreadPoolExecutor.java:1145)
	at java.util.concurrent.ThreadPoolExecutor$Worker.run(ThreadPoolExecutor.java:615)
	at java.lang.Thread.run(Thread.java:745)
org.openpaas.servicebroker.exception.ServiceBrokerException: Duplication
	at org.openpaas.servicebroker.apiplatform.common.ApiPlatformUtils.apiPlatformErrorMessageCheck(ApiPlatformUtils.java:37)
	at org.openpaas.servicebroker.apiplatform.common.APIPlatformAPI.addApplication(APIPlatformAPI.java:77)
	at org.openpaas.servicebroker.apiplatform.test.DeprovisionRestTest.init(DeprovisionRestTest.java:72)
	at sun.reflect.NativeMethodAccessorImpl.invoke0(Native Method)
	at sun.reflect.NativeMethodAccessorImpl.invoke(NativeMethodAccessorImpl.java:57)
	at sun.reflect.DelegatingMethodAccessorImpl.invoke(DelegatingMethodAccessorImpl.java:43)
	at java.lang.reflect.Method.invoke(Method.java:606)
	at org.junit.runners.model.FrameworkMethod$1.runReflectiveCall(FrameworkMethod.java:50)
	at org.junit.internal.runners.model.ReflectiveCallable.run(ReflectiveCallable.java:12)
	at org.junit.runners.model.FrameworkMethod.invokeExplosively(FrameworkMethod.java:47)
	at org.junit.internal.runners.statements.RunBefores.evaluate(RunBefores.java:24)
	at org.junit.runners.ParentRunner.run(ParentRunner.java:363)
	at org.gradle.api.internal.tasks.testing.junit.JUnitTestClassExecuter.runTestClass(JUnitTestClassExecuter.java:86)
	at org.gradle.api.internal.tasks.testing.junit.JUnitTestClassExecuter.execute(JUnitTestClassExecuter.java:49)
	at org.gradle.api.internal.tasks.testing.junit.JUnitTestClassProcessor.processTestClass(JUnitTestClassProcessor.java:64)
	at org.gradle.api.internal.tasks.testing.SuiteTestClassProcessor.processTestClass(SuiteTestClassProcessor.java:50)
	at sun.reflect.NativeMethodAccessorImpl.invoke0(Native Method)
	at sun.reflect.NativeMethodAccessorImpl.invoke(NativeMethodAccessorImpl.java:57)
	at sun.reflect.DelegatingMethodAccessorImpl.invoke(DelegatingMethodAccessorImpl.java:43)
	at java.lang.reflect.Method.invoke(Method.java:606)
	at org.gradle.messaging.dispatch.ReflectionDispatch.dispatch(ReflectionDispatch.java:35)
	at org.gradle.messaging.dispatch.ReflectionDispatch.dispatch(ReflectionDispatch.java:24)
	at org.gradle.messaging.dispatch.ContextClassLoaderDispatch.dispatch(ContextClassLoaderDispatch.java:32)
	at org.gradle.messaging.dispatch.ProxyDispatchAdapter$DispatchingInvocationHandler.invoke(ProxyDispatchAdapter.java:93)
	at com.sun.proxy.$Proxy2.processTestClass(Unknown Source)
	at org.gradle.api.internal.tasks.testing.worker.TestWorker.processTestClass(TestWorker.java:106)
	at sun.reflect.NativeMethodAccessorImpl.invoke0(Native Method)
	at sun.reflect.NativeMethodAccessorImpl.invoke(NativeMethodAccessorImpl.java:57)
	at sun.reflect.DelegatingMethodAccessorImpl.invoke(DelegatingMethodAccessorImpl.java:43)
	at java.lang.reflect.Method.invoke(Method.java:606)
	at org.gradle.messaging.dispatch.ReflectionDispatch.dispatch(ReflectionDispatch.java:35)
	at org.gradle.messaging.dispatch.ReflectionDispatch.dispatch(ReflectionDispatch.java:24)
	at org.gradle.messaging.remote.internal.hub.MessageHub$Handler.run(MessageHub.java:360)
	at org.gradle.internal.concurrent.DefaultExecutorFactory$StoppableExecutorImpl$1.run(DefaultExecutorFactory.java:64)
	at java.util.concurrent.ThreadPoolExecutor.runWorker(ThreadPoolExecutor.java:1145)
	at java.util.concurrent.ThreadPoolExecutor$Worker.run(ThreadPoolExecutor.java:615)
	at java.lang.Thread.run(Thread.java:745)
]]></system-err>
</testsuite>
