<?xml version="1.0" encoding="UTF-8"?>
<testsuite name="org.openpaas.servicebroker.apiplatform.test.UnbindingRestTest" tests="10" skipped="0" failures="0" errors="0" timestamp="2015-07-24T04:14:07" hostname="김도준-HP" time="2.97">
  <properties/>
  <testcase name="U001_valid_parameters_test" classname="org.openpaas.servicebroker.apiplatform.test.UnbindingRestTest" time="0.469"/>
  <testcase name="U002_invalid_parameters_instance_id_test" classname="org.openpaas.servicebroker.apiplatform.test.UnbindingRestTest" time="0.109"/>
  <testcase name="U003_invalid_parameters_service_id_test" classname="org.openpaas.servicebroker.apiplatform.test.UnbindingRestTest" time="0.172"/>
  <testcase name="U004_invalid_parameters_plan_id_test" classname="org.openpaas.servicebroker.apiplatform.test.UnbindingRestTest" time="0.218"/>
  <testcase name="U005_removed_user_test" classname="org.openpaas.servicebroker.apiplatform.test.UnbindingRestTest" time="0.422"/>
  <testcase name="U006_removed_application_test" classname="org.openpaas.servicebroker.apiplatform.test.UnbindingRestTest" time="0.453"/>
  <testcase name="U007_removed_subscription_test" classname="org.openpaas.servicebroker.apiplatform.test.UnbindingRestTest" time="0.423"/>
  <testcase name="U008_lifecycle_changed_test" classname="org.openpaas.servicebroker.apiplatform.test.UnbindingRestTest" time="0.452"/>
  <testcase name="U009_removed_instance_id_DB_test" classname="org.openpaas.servicebroker.apiplatform.test.UnbindingRestTest" time="0.094"/>
  <testcase name="U010_removed_user_DB_test" classname="org.openpaas.servicebroker.apiplatform.test.UnbindingRestTest" time="0.158"/>
  <system-out><![CDATA[== Started test Unbinding API ==
2015-07-24 13:14:07.153 DEBUG   --- [    Test worker] o.s.web.client.RestTemplate              : Created POST request for "http://115.68.46.28:9763/store/site/blocks/user/login/ajax/login.jag"
2015-07-24 13:14:07.153 DEBUG   --- [    Test worker] o.s.web.client.RestTemplate              : Setting request Accept header to [text/plain, application/json, application/*+json, */*]
2015-07-24 13:14:07.153 DEBUG   --- [    Test worker] o.s.web.client.RestTemplate              : Writing [action=login&username=test-user&password=openpaas] as "application/x-www-form-urlencoded" using [org.springframework.http.converter.StringHttpMessageConverter@1b6301f4]
2015-07-24 13:14:07.216 DEBUG   --- [    Test worker] o.s.web.client.RestTemplate              : POST request for "http://115.68.46.28:9763/store/site/blocks/user/login/ajax/login.jag" resulted in 200 (OK)
2015-07-24 13:14:07.216 DEBUG   --- [    Test worker] o.s.web.client.RestTemplate              : Reading [java.lang.String] as "application/json;charset=UTF-8" using [org.springframework.http.converter.StringHttpMessageConverter@1b6301f4]
2015-07-24 13:14:07.216  INFO   --- [    Test worker] o.o.s.common.HttpClientUtils             : Get APIPlatform API Http Response
2015-07-24 13:14:07.216  INFO   --- [    Test worker] o.o.servicebroker.common.JsonUtils       : Json Convert completed
2015-07-24 13:14:07.231 DEBUG   --- [    Test worker] o.s.web.client.RestTemplate              : Created POST request for "http://115.68.46.28:9763/store/site/blocks/application/application-remove/ajax/application-remove.jag"
2015-07-24 13:14:07.231 DEBUG   --- [    Test worker] o.s.web.client.RestTemplate              : Setting request Accept header to [text/plain, application/json, application/*+json, */*]
2015-07-24 13:14:07.231 DEBUG   --- [    Test worker] o.s.web.client.RestTemplate              : Writing [action=removeApplication&application=no_application_test_instance_id] as "application/x-www-form-urlencoded" using [org.springframework.http.converter.StringHttpMessageConverter@1154838]
2015-07-24 13:14:07.262 DEBUG   --- [    Test worker] o.s.web.client.RestTemplate              : POST request for "http://115.68.46.28:9763/store/site/blocks/application/application-remove/ajax/application-remove.jag" resulted in 200 (OK)
2015-07-24 13:14:07.262 DEBUG   --- [    Test worker] o.s.web.client.RestTemplate              : Reading [java.lang.String] as "application/json;charset=UTF-8" using [org.springframework.http.converter.StringHttpMessageConverter@1154838]
2015-07-24 13:14:07.262  INFO   --- [    Test worker] o.o.s.common.HttpClientUtils             : Get APIPlatform API Http Response
2015-07-24 13:14:07.262  INFO   --- [    Test worker] o.o.servicebroker.common.JsonUtils       : Json Convert completed
2015-07-24 13:14:07.262  INFO   --- [    Test worker] o.o.s.a.common.ApiPlatformUtils          : API Platform Message : Error occurred while executing the action removeApplication
2015-07-24 13:14:07.278 DEBUG   --- [    Test worker] o.s.web.client.RestTemplate              : Created POST request for "http://115.68.46.28:9763/store/site/blocks/subscription/subscription-remove/ajax/subscription-remove.jag"
2015-07-24 13:14:07.278 DEBUG   --- [    Test worker] o.s.web.client.RestTemplate              : Setting request Accept header to [text/plain, application/json, application/*+json, */*]
2015-07-24 13:14:07.278 DEBUG   --- [    Test worker] o.s.web.client.RestTemplate              : Writing [action=removeSubscription&name=Naver&version=1.0.0&provider=apicreator&applicationId=421] as "application/x-www-form-urlencoded" using [org.springframework.http.converter.StringHttpMessageConverter@365a25d3]
2015-07-24 13:14:07.309 DEBUG   --- [    Test worker] o.s.web.client.RestTemplate              : POST request for "http://115.68.46.28:9763/store/site/blocks/subscription/subscription-remove/ajax/subscription-remove.jag" resulted in 200 (OK)
2015-07-24 13:14:07.309 DEBUG   --- [    Test worker] o.s.web.client.RestTemplate              : Reading [java.lang.String] as "application/json;charset=UTF-8" using [org.springframework.http.converter.StringHttpMessageConverter@365a25d3]
2015-07-24 13:14:07.309  INFO   --- [    Test worker] o.o.s.common.HttpClientUtils             : Get APIPlatform API Http Response
2015-07-24 13:14:07.309  INFO   --- [    Test worker] o.o.servicebroker.common.JsonUtils       : Json Convert completed
2015-07-24 13:14:07.325 DEBUG   --- [    Test worker] o.s.web.client.RestTemplate              : Created POST request for "http://115.68.46.28:9763/publisher/site/blocks/user/login/ajax/login.jag"
2015-07-24 13:14:07.325 DEBUG   --- [    Test worker] o.s.web.client.RestTemplate              : Setting request Accept header to [text/plain, application/json, application/*+json, */*]
2015-07-24 13:14:07.325 DEBUG   --- [    Test worker] o.s.web.client.RestTemplate              : Writing [action=login&username=apipublisher&password=qwer1234] as "application/x-www-form-urlencoded" using [org.springframework.http.converter.StringHttpMessageConverter@58695b85]
2015-07-24 13:14:07.434 DEBUG   --- [    Test worker] o.s.web.client.RestTemplate              : POST request for "http://115.68.46.28:9763/publisher/site/blocks/user/login/ajax/login.jag" resulted in 200 (OK)
2015-07-24 13:14:07.434 DEBUG   --- [    Test worker] o.s.web.client.RestTemplate              : Reading [java.lang.String] as "application/json;charset=UTF-8" using [org.springframework.http.converter.StringHttpMessageConverter@58695b85]
2015-07-24 13:14:07.434  INFO   --- [    Test worker] o.o.s.common.HttpClientUtils             : Get APIPlatform API Http Response
2015-07-24 13:14:07.434  INFO   --- [    Test worker] o.o.servicebroker.common.JsonUtils       : Json Convert completed
2015-07-24 13:14:07.450 DEBUG   --- [    Test worker] o.s.web.client.RestTemplate              : Created POST request for "http://115.68.46.28:9763/publisher/site/blocks/life-cycles/ajax/life-cycles.jag"
2015-07-24 13:14:07.450 DEBUG   --- [    Test worker] o.s.web.client.RestTemplate              : Setting request Accept header to [text/plain, application/json, application/*+json, */*]
2015-07-24 13:14:07.450 DEBUG   --- [    Test worker] o.s.web.client.RestTemplate              : Writing [action=updateStatus&name=PhoneVerification&version=2.0.0&provider=apicreator&status=CREATED&publishToGateway=true&requireResubscription=true] as "application/x-www-form-urlencoded" using [org.springframework.http.converter.StringHttpMessageConverter@6cf7a61b]
2015-07-24 13:14:07.481 DEBUG   --- [    Test worker] o.s.web.client.RestTemplate              : POST request for "http://115.68.46.28:9763/publisher/site/blocks/life-cycles/ajax/life-cycles.jag" resulted in 200 (OK)
2015-07-24 13:14:07.496 DEBUG   --- [    Test worker] o.s.web.client.RestTemplate              : Reading [java.lang.String] as "text/plain;charset=UTF-8" using [org.springframework.http.converter.StringHttpMessageConverter@6cf7a61b]
2015-07-24 13:14:07.496  INFO   --- [    Test worker] o.o.s.common.HttpClientUtils             : Get APIPlatform API Http Response
2015-07-24 13:14:07.512  INFO   --- [    Test worker] o.o.servicebroker.common.JsonUtils       : Json Convert completed
U001==Start - valid_parameters_test
2015-07-24 13:14:07.543 DEBUG   --- [    Test worker] o.s.web.client.RestTemplate              : Created DELETE request for "http://localhost:8080/v2/service_instances/test_instance_id/service_bindings/15cda408-9723-42b2-9231-c4aca31634d9?service_id=Naver%201.0.0&plan_id=Naver%201.0.0%20Unlimited"
2015-07-24 13:14:07.543 DEBUG   --- [    Test worker] o.s.web.client.RestTemplate              : Setting request Accept header to [text/plain, application/json, application/*+json, */*]
2015-07-24 13:14:07.543 DEBUG   --- [    Test worker] o.s.web.client.RestTemplate              : Writing [] as "application/json" using [org.springframework.http.converter.StringHttpMessageConverter@3d7bdc3e]
2015-07-24 13:14:07.981 DEBUG   --- [    Test worker] o.s.web.client.RestTemplate              : DELETE request for "http://localhost:8080/v2/service_instances/test_instance_id/service_bindings/15cda408-9723-42b2-9231-c4aca31634d9?service_id=Naver%201.0.0&plan_id=Naver%201.0.0%20Unlimited" resulted in 200 (OK)
2015-07-24 13:14:07.981 DEBUG   --- [    Test worker] o.s.web.client.RestTemplate              : Reading [java.lang.String] as "text/plain;charset=ISO-8859-1" using [org.springframework.http.converter.StringHttpMessageConverter@3d7bdc3e]
200
{}
U001 === End - valid_parameters_test
U002 === Start - invalid_parameters_instance_id_test start
2015-07-24 13:14:07.997 DEBUG   --- [    Test worker] o.s.web.client.RestTemplate              : Created DELETE request for "http://localhost:8080/v2/service_instances/test_instance_id_fail/service_bindings/e0937e84-82b2-457e-8a0e-a376397ec1a2?service_id=Naver%201.0.0&plan_id=Naver%201.0.0%20Unlimited"
2015-07-24 13:14:07.997 DEBUG   --- [    Test worker] o.s.web.client.RestTemplate              : Setting request Accept header to [text/plain, application/json, application/*+json, */*]
2015-07-24 13:14:07.997 DEBUG   --- [    Test worker] o.s.web.client.RestTemplate              : Writing [] as "application/json" using [org.springframework.http.converter.StringHttpMessageConverter@756ac549]
2015-07-24 13:14:08.090 DEBUG   --- [    Test worker] o.s.web.client.RestTemplate              : DELETE request for "http://localhost:8080/v2/service_instances/test_instance_id_fail/service_bindings/e0937e84-82b2-457e-8a0e-a376397ec1a2?service_id=Naver%201.0.0&plan_id=Naver%201.0.0%20Unlimited" resulted in 422 (Unprocessable Entity)
2015-07-24 13:14:08.090 DEBUG   --- [    Test worker] o.s.web.client.RestTemplate              : Reading [java.lang.String] as "application/json;charset=UTF-8" using [org.springframework.http.converter.StringHttpMessageConverter@756ac549]
422
{"description":"ServiceInstance does not exist: id = test_instance_id_fail"}
U002 === End - invalid_parameters_instance_id_test
U003 === Start - invalid_parameters_service_id_test
2015-07-24 13:14:08.121 DEBUG   --- [    Test worker] o.s.web.client.RestTemplate              : Created DELETE request for "http://localhost:8080/v2/service_instances/test_instance_id/service_bindings/3c0522e2-2f2c-4154-9d34-fc3268f85ad1?service_id=Neighbor%201.0.0&plan_id=Naver%201.0.0%20Unlimited"
2015-07-24 13:14:08.121 DEBUG   --- [    Test worker] o.s.web.client.RestTemplate              : Setting request Accept header to [text/plain, application/json, application/*+json, */*]
2015-07-24 13:14:08.121 DEBUG   --- [    Test worker] o.s.web.client.RestTemplate              : Writing [] as "application/json" using [org.springframework.http.converter.StringHttpMessageConverter@34be77d8]
2015-07-24 13:14:08.262 DEBUG   --- [    Test worker] o.s.web.client.RestTemplate              : DELETE request for "http://localhost:8080/v2/service_instances/test_instance_id/service_bindings/3c0522e2-2f2c-4154-9d34-fc3268f85ad1?service_id=Neighbor%201.0.0&plan_id=Naver%201.0.0%20Unlimited" resulted in 500 (Internal Server Error)
2015-07-24 13:14:08.262 DEBUG   --- [    Test worker] o.s.web.client.RestTemplate              : Reading [java.lang.String] as "application/json;charset=UTF-8" using [org.springframework.http.converter.StringHttpMessageConverter@34be77d8]
500
{"description":"Invalid ServiceID :[Neighbor 1.0.0] Valid ServiceID :[Naver 1.0.0]"}
U003 === End - invalid_parameters_service_id_test
U004 === Start - invalid_parameters_plan_id_test
2015-07-24 13:14:08.277 DEBUG   --- [    Test worker] o.s.web.client.RestTemplate              : Created DELETE request for "http://localhost:8080/v2/service_instances/test_instance_id/service_bindings/d3ae0600-6ff0-4e21-89c3-685a87f04de2?service_id=Naver%201.0.0&plan_id=Neighbor%201.0.0%20Unlimited"
2015-07-24 13:14:08.277 DEBUG   --- [    Test worker] o.s.web.client.RestTemplate              : Setting request Accept header to [text/plain, application/json, application/*+json, */*]
2015-07-24 13:14:08.277 DEBUG   --- [    Test worker] o.s.web.client.RestTemplate              : Writing [] as "application/json" using [org.springframework.http.converter.StringHttpMessageConverter@5afe175f]
2015-07-24 13:14:08.480 DEBUG   --- [    Test worker] o.s.web.client.RestTemplate              : DELETE request for "http://localhost:8080/v2/service_instances/test_instance_id/service_bindings/d3ae0600-6ff0-4e21-89c3-685a87f04de2?service_id=Naver%201.0.0&plan_id=Neighbor%201.0.0%20Unlimited" resulted in 500 (Internal Server Error)
2015-07-24 13:14:08.480 DEBUG   --- [    Test worker] o.s.web.client.RestTemplate              : Reading [java.lang.String] as "application/json;charset=UTF-8" using [org.springframework.http.converter.StringHttpMessageConverter@5afe175f]
500
{"description":"Invalid PlanID :[Neighbor 1.0.0 Unlimited] Valid PlanID :[Naver 1.0.0 Unlimited]"}
U004 === End - invalid_parameters_plan_id_test
U005 === Start - removed_user_test
2015-07-24 13:14:08.496 DEBUG   --- [    Test worker] o.s.web.client.RestTemplate              : Created DELETE request for "http://localhost:8080/v2/service_instances/removed_user_test_instance_id/service_bindings/3eb19be6-9ed4-4612-a820-1cc585ecf643?service_id=Naver%201.0.0&plan_id=Naver%201.0.0%20Unlimited"
2015-07-24 13:14:08.496 DEBUG   --- [    Test worker] o.s.web.client.RestTemplate              : Setting request Accept header to [text/plain, application/json, application/*+json, */*]
2015-07-24 13:14:08.496 DEBUG   --- [    Test worker] o.s.web.client.RestTemplate              : Writing [] as "application/json" using [org.springframework.http.converter.StringHttpMessageConverter@5fb08ca4]
2015-07-24 13:14:08.902 DEBUG   --- [    Test worker] o.s.web.client.RestTemplate              : DELETE request for "http://localhost:8080/v2/service_instances/removed_user_test_instance_id/service_bindings/3eb19be6-9ed4-4612-a820-1cc585ecf643?service_id=Naver%201.0.0&plan_id=Naver%201.0.0%20Unlimited" resulted in 200 (OK)
2015-07-24 13:14:08.902 DEBUG   --- [    Test worker] o.s.web.client.RestTemplate              : Reading [java.lang.String] as "text/plain;charset=ISO-8859-1" using [org.springframework.http.converter.StringHttpMessageConverter@5fb08ca4]
200
{}
U005 === End - removed_user_test
U006 === Start - removed_application_test
2015-07-24 13:14:08.918 DEBUG   --- [    Test worker] o.s.web.client.RestTemplate              : Created DELETE request for "http://localhost:8080/v2/service_instances/no_application_test_instance_id/service_bindings/b17fd14c-ca65-4193-a1a6-06a8741a1d78?service_id=Naver%201.0.0&plan_id=Naver%201.0.0%20Unlimited"
2015-07-24 13:14:08.918 DEBUG   --- [    Test worker] o.s.web.client.RestTemplate              : Setting request Accept header to [text/plain, application/json, application/*+json, */*]
2015-07-24 13:14:08.918 DEBUG   --- [    Test worker] o.s.web.client.RestTemplate              : Writing [] as "application/json" using [org.springframework.http.converter.StringHttpMessageConverter@3fe19410]
2015-07-24 13:14:09.339 DEBUG   --- [    Test worker] o.s.web.client.RestTemplate              : DELETE request for "http://localhost:8080/v2/service_instances/no_application_test_instance_id/service_bindings/b17fd14c-ca65-4193-a1a6-06a8741a1d78?service_id=Naver%201.0.0&plan_id=Naver%201.0.0%20Unlimited" resulted in 200 (OK)
2015-07-24 13:14:09.339 DEBUG   --- [    Test worker] o.s.web.client.RestTemplate              : Reading [java.lang.String] as "text/plain;charset=ISO-8859-1" using [org.springframework.http.converter.StringHttpMessageConverter@3fe19410]
200
{}
U006 === End - removed_application_test
U007 === Start - removed_subscription_test
2015-07-24 13:14:09.355 DEBUG   --- [    Test worker] o.s.web.client.RestTemplate              : Created DELETE request for "http://localhost:8080/v2/service_instances/no_subscription_test_instance_id/service_bindings/b539e661-a96a-4851-8355-c458a9d7dc22?service_id=Naver%201.0.0&plan_id=Naver%201.0.0%20Unlimited"
2015-07-24 13:14:09.355 DEBUG   --- [    Test worker] o.s.web.client.RestTemplate              : Setting request Accept header to [text/plain, application/json, application/*+json, */*]
2015-07-24 13:14:09.355 DEBUG   --- [    Test worker] o.s.web.client.RestTemplate              : Writing [] as "application/json" using [org.springframework.http.converter.StringHttpMessageConverter@caf2020]
2015-07-24 13:14:09.778 DEBUG   --- [    Test worker] o.s.web.client.RestTemplate              : DELETE request for "http://localhost:8080/v2/service_instances/no_subscription_test_instance_id/service_bindings/b539e661-a96a-4851-8355-c458a9d7dc22?service_id=Naver%201.0.0&plan_id=Naver%201.0.0%20Unlimited" resulted in 200 (OK)
2015-07-24 13:14:09.778 DEBUG   --- [    Test worker] o.s.web.client.RestTemplate              : Reading [java.lang.String] as "text/plain;charset=ISO-8859-1" using [org.springframework.http.converter.StringHttpMessageConverter@caf2020]
200
{}
U007 === End - removed_subscription_test
U008 === Start - lifecycle_changed_test
2015-07-24 13:14:09.794 DEBUG   --- [    Test worker] o.s.web.client.RestTemplate              : Created DELETE request for "http://localhost:8080/v2/service_instances/lifecycle_changed_test_instance_id/service_bindings/4e3be505-2dd2-4d35-8c91-2355ce990ac5?service_id=PhoneVerification%202.0.0&plan_id=PhoneVerification%202.0.0%20Unlimited"
2015-07-24 13:14:09.794 DEBUG   --- [    Test worker] o.s.web.client.RestTemplate              : Setting request Accept header to [text/plain, application/json, application/*+json, */*]
2015-07-24 13:14:09.794 DEBUG   --- [    Test worker] o.s.web.client.RestTemplate              : Writing [] as "application/json" using [org.springframework.http.converter.StringHttpMessageConverter@3d661b61]
2015-07-24 13:14:10.230 DEBUG   --- [    Test worker] o.s.web.client.RestTemplate              : DELETE request for "http://localhost:8080/v2/service_instances/lifecycle_changed_test_instance_id/service_bindings/4e3be505-2dd2-4d35-8c91-2355ce990ac5?service_id=PhoneVerification%202.0.0&plan_id=PhoneVerification%202.0.0%20Unlimited" resulted in 200 (OK)
2015-07-24 13:14:10.230 DEBUG   --- [    Test worker] o.s.web.client.RestTemplate              : Reading [java.lang.String] as "text/plain;charset=ISO-8859-1" using [org.springframework.http.converter.StringHttpMessageConverter@3d661b61]
200
{}
U008 === End - lifecycle_changed_test
U009 === Start - removed_instance_id_DB_test
2015-07-24 13:14:10.246 DEBUG   --- [    Test worker] o.s.web.client.RestTemplate              : Created DELETE request for "http://localhost:8080/v2/service_instances/removed_test_instance_id/service_bindings/a934f2ae-486e-42ad-a38b-c86b69a58f14?service_id=Naver%201.0.0&plan_id=Naver%201.0.0%20Unlimited"
2015-07-24 13:14:10.246 DEBUG   --- [    Test worker] o.s.web.client.RestTemplate              : Setting request Accept header to [text/plain, application/json, application/*+json, */*]
2015-07-24 13:14:10.246 DEBUG   --- [    Test worker] o.s.web.client.RestTemplate              : Writing [] as "application/json" using [org.springframework.http.converter.StringHttpMessageConverter@7a8f9cc4]
2015-07-24 13:14:10.324 DEBUG   --- [    Test worker] o.s.web.client.RestTemplate              : DELETE request for "http://localhost:8080/v2/service_instances/removed_test_instance_id/service_bindings/a934f2ae-486e-42ad-a38b-c86b69a58f14?service_id=Naver%201.0.0&plan_id=Naver%201.0.0%20Unlimited" resulted in 500 (Internal Server Error)
2015-07-24 13:14:10.324 DEBUG   --- [    Test worker] o.s.web.client.RestTemplate              : Reading [java.lang.String] as "application/json;charset=UTF-8" using [org.springframework.http.converter.StringHttpMessageConverter@7a8f9cc4]
500
{"description":"already removed Service Instance :[removed_test_instance_id] - U009"}
U009 === End - removed_instance_id_DB_test
U010 === Start - removed_user_DB_test
2015-07-24 13:14:10.324 DEBUG   --- [    Test worker] o.s.web.client.RestTemplate              : Created DELETE request for "http://localhost:8080/v2/service_instances/removed_user_test_instance_id_DB/service_bindings/0862b5b8-91d3-4c70-9755-02207b95ef30?service_id=Naver%201.0.0&plan_id=Naver%201.0.0%20Unlimited"
2015-07-24 13:14:10.324 DEBUG   --- [    Test worker] o.s.web.client.RestTemplate              : Setting request Accept header to [text/plain, application/json, application/*+json, */*]
2015-07-24 13:14:10.324 DEBUG   --- [    Test worker] o.s.web.client.RestTemplate              : Writing [] as "application/json" using [org.springframework.http.converter.StringHttpMessageConverter@6a7d46b8]
2015-07-24 13:14:10.482 DEBUG   --- [    Test worker] o.s.web.client.RestTemplate              : DELETE request for "http://localhost:8080/v2/service_instances/removed_user_test_instance_id_DB/service_bindings/0862b5b8-91d3-4c70-9755-02207b95ef30?service_id=Naver%201.0.0&plan_id=Naver%201.0.0%20Unlimited" resulted in 500 (Internal Server Error)
2015-07-24 13:14:10.482 DEBUG   --- [    Test worker] o.s.web.client.RestTemplate              : Reading [java.lang.String] as "application/json;charset=UTF-8" using [org.springframework.http.converter.StringHttpMessageConverter@6a7d46b8]
500
{"description":"not found APIPlatform user information. Instance ID : [removed_user_test_instance_id_DB] - U010"}
U010 === End - removed_user_DB_test
2015-07-24 13:14:10.498 DEBUG   --- [    Test worker] o.s.web.client.RestTemplate              : Created POST request for "http://115.68.46.28:9763/publisher/site/blocks/user/login/ajax/login.jag"
2015-07-24 13:14:10.498 DEBUG   --- [    Test worker] o.s.web.client.RestTemplate              : Setting request Accept header to [text/plain, application/json, application/*+json, */*]
2015-07-24 13:14:10.498 DEBUG   --- [    Test worker] o.s.web.client.RestTemplate              : Writing [action=login&username=apipublisher&password=qwer1234] as "application/x-www-form-urlencoded" using [org.springframework.http.converter.StringHttpMessageConverter@46ae10a6]
2015-07-24 13:14:10.607 DEBUG   --- [    Test worker] o.s.web.client.RestTemplate              : POST request for "http://115.68.46.28:9763/publisher/site/blocks/user/login/ajax/login.jag" resulted in 200 (OK)
2015-07-24 13:14:10.607 DEBUG   --- [    Test worker] o.s.web.client.RestTemplate              : Reading [java.lang.String] as "application/json;charset=UTF-8" using [org.springframework.http.converter.StringHttpMessageConverter@46ae10a6]
2015-07-24 13:14:10.607  INFO   --- [    Test worker] o.o.s.common.HttpClientUtils             : Get APIPlatform API Http Response
2015-07-24 13:14:10.607  INFO   --- [    Test worker] o.o.servicebroker.common.JsonUtils       : Json Convert completed
2015-07-24 13:14:10.638 DEBUG   --- [    Test worker] o.s.web.client.RestTemplate              : Created POST request for "http://115.68.46.28:9763/publisher/site/blocks/life-cycles/ajax/life-cycles.jag"
2015-07-24 13:14:10.638 DEBUG   --- [    Test worker] o.s.web.client.RestTemplate              : Setting request Accept header to [text/plain, application/json, application/*+json, */*]
2015-07-24 13:14:10.638 DEBUG   --- [    Test worker] o.s.web.client.RestTemplate              : Writing [action=updateStatus&name=PhoneVerification&version=2.0.0&provider=apicreator&status=PUBLISHED&publishToGateway=true&requireResubscription=true] as "application/x-www-form-urlencoded" using [org.springframework.http.converter.StringHttpMessageConverter@4dc7268a]
2015-07-24 13:14:10.888 DEBUG   --- [    Test worker] o.s.web.client.RestTemplate              : POST request for "http://115.68.46.28:9763/publisher/site/blocks/life-cycles/ajax/life-cycles.jag" resulted in 200 (OK)
2015-07-24 13:14:10.888 DEBUG   --- [    Test worker] o.s.web.client.RestTemplate              : Reading [java.lang.String] as "text/plain;charset=UTF-8" using [org.springframework.http.converter.StringHttpMessageConverter@4dc7268a]
2015-07-24 13:14:10.888  INFO   --- [    Test worker] o.o.s.common.HttpClientUtils             : Get APIPlatform API Http Response
2015-07-24 13:14:10.903  INFO   --- [    Test worker] o.o.servicebroker.common.JsonUtils       : Json Convert completed
2015-07-24 13:14:10.934 DEBUG   --- [    Test worker] o.s.web.client.RestTemplate              : Created POST request for "http://115.68.46.28:9763/store/site/blocks/subscription/subscription-add/ajax/subscription-add.jag"
2015-07-24 13:14:10.934 DEBUG   --- [    Test worker] o.s.web.client.RestTemplate              : Setting request Accept header to [text/plain, application/json, application/*+json, */*]
2015-07-24 13:14:10.934 DEBUG   --- [    Test worker] o.s.web.client.RestTemplate              : Writing [action=addAPISubscription&name=PhoneVerification&version=2.0.0&provider=apicreator&tier=Unlimited&applicationName=lifecycle_changed_test_instance_id] as "application/x-www-form-urlencoded" using [org.springframework.http.converter.StringHttpMessageConverter@4db355ea]
2015-07-24 13:14:10.966 DEBUG   --- [    Test worker] o.s.web.client.RestTemplate              : POST request for "http://115.68.46.28:9763/store/site/blocks/subscription/subscription-add/ajax/subscription-add.jag" resulted in 200 (OK)
2015-07-24 13:14:10.966 DEBUG   --- [    Test worker] o.s.web.client.RestTemplate              : Reading [java.lang.String] as "application/json;charset=UTF-8" using [org.springframework.http.converter.StringHttpMessageConverter@4db355ea]
2015-07-24 13:14:10.966  INFO   --- [    Test worker] o.o.s.common.HttpClientUtils             : Get APIPlatform API Http Response
2015-07-24 13:14:10.966  INFO   --- [    Test worker] o.o.servicebroker.common.JsonUtils       : Json Convert completed
2015-07-24 13:14:10.966 DEBUG   --- [    Test worker] o.s.web.client.RestTemplate              : Created POST request for "http://115.68.46.28:9763/publisher/site/blocks/life-cycles/ajax/life-cycles.jag"
2015-07-24 13:14:10.966 DEBUG   --- [    Test worker] o.s.web.client.RestTemplate              : Setting request Accept header to [text/plain, application/json, application/*+json, */*]
2015-07-24 13:14:10.981 DEBUG   --- [    Test worker] o.s.web.client.RestTemplate              : Writing [action=updateStatus&name=PhoneVerification&version=2.0.0&provider=apicreator&status=CREATED&publishToGateway=true&requireResubscription=true] as "application/x-www-form-urlencoded" using [org.springframework.http.converter.StringHttpMessageConverter@38cd9d80]
2015-07-24 13:14:11.184 DEBUG   --- [    Test worker] o.s.web.client.RestTemplate              : POST request for "http://115.68.46.28:9763/publisher/site/blocks/life-cycles/ajax/life-cycles.jag" resulted in 200 (OK)
2015-07-24 13:14:11.184 DEBUG   --- [    Test worker] o.s.web.client.RestTemplate              : Reading [java.lang.String] as "text/plain;charset=UTF-8" using [org.springframework.http.converter.StringHttpMessageConverter@38cd9d80]
2015-07-24 13:14:11.184  INFO   --- [    Test worker] o.o.s.common.HttpClientUtils             : Get APIPlatform API Http Response
2015-07-24 13:14:11.200  INFO   --- [    Test worker] o.o.servicebroker.common.JsonUtils       : Json Convert completed
2015-07-24 13:14:11.215 DEBUG   --- [    Test worker] o.s.web.client.RestTemplate              : Created POST request for "http://115.68.46.28:9763/store/site/blocks/application/application-add/ajax/application-add.jag"
2015-07-24 13:14:11.215 DEBUG   --- [    Test worker] o.s.web.client.RestTemplate              : Setting request Accept header to [text/plain, application/json, application/*+json, */*]
2015-07-24 13:14:11.215 DEBUG   --- [    Test worker] o.s.web.client.RestTemplate              : Writing [action=addApplication&application=test_instance_id&tier=Unlimited&description=&callbackUrl=] as "application/x-www-form-urlencoded" using [org.springframework.http.converter.StringHttpMessageConverter@431f5ba2]
2015-07-24 13:14:11.262 DEBUG   --- [    Test worker] o.s.web.client.RestTemplate              : POST request for "http://115.68.46.28:9763/store/site/blocks/application/application-add/ajax/application-add.jag" resulted in 200 (OK)
2015-07-24 13:14:11.262 DEBUG   --- [    Test worker] o.s.web.client.RestTemplate              : Reading [java.lang.String] as "application/json;charset=UTF-8" using [org.springframework.http.converter.StringHttpMessageConverter@431f5ba2]
2015-07-24 13:14:11.262  INFO   --- [    Test worker] o.o.s.common.HttpClientUtils             : Get APIPlatform API Http Response
2015-07-24 13:14:11.262  INFO   --- [    Test worker] o.o.servicebroker.common.JsonUtils       : Json Convert completed
2015-07-24 13:14:11.262  INFO   --- [    Test worker] o.o.s.a.common.ApiPlatformUtils          : API Platform Message :  A duplicate application already exists by the name - test_instance_id
2015-07-24 13:14:11.278 DEBUG   --- [    Test worker] o.s.web.client.RestTemplate              : Created POST request for "http://115.68.46.28:9763/store/site/blocks/subscription/subscription-add/ajax/subscription-add.jag"
2015-07-24 13:14:11.278 DEBUG   --- [    Test worker] o.s.web.client.RestTemplate              : Setting request Accept header to [text/plain, application/json, application/*+json, */*]
2015-07-24 13:14:11.278 DEBUG   --- [    Test worker] o.s.web.client.RestTemplate              : Writing [action=addAPISubscription&name=Naver&version=1.0.0&provider=apicreator&tier=Unlimited&applicationName=test_instance_id] as "application/x-www-form-urlencoded" using [org.springframework.http.converter.StringHttpMessageConverter@1105fece]
2015-07-24 13:14:11.356 DEBUG   --- [    Test worker] o.s.web.client.RestTemplate              : POST request for "http://115.68.46.28:9763/store/site/blocks/subscription/subscription-add/ajax/subscription-add.jag" resulted in 200 (OK)
2015-07-24 13:14:11.356 DEBUG   --- [    Test worker] o.s.web.client.RestTemplate              : Reading [java.lang.String] as "application/json;charset=UTF-8" using [org.springframework.http.converter.StringHttpMessageConverter@1105fece]
2015-07-24 13:14:11.356  INFO   --- [    Test worker] o.o.s.common.HttpClientUtils             : Get APIPlatform API Http Response
2015-07-24 13:14:11.356  INFO   --- [    Test worker] o.o.servicebroker.common.JsonUtils       : Json Convert completed
2015-07-24 13:14:11.387 DEBUG   --- [    Test worker] o.s.web.client.RestTemplate              : Created POST request for "http://115.68.46.28:9763/store/site/blocks/subscription/subscription-add/ajax/subscription-add.jag"
2015-07-24 13:14:11.387 DEBUG   --- [    Test worker] o.s.web.client.RestTemplate              : Setting request Accept header to [text/plain, application/json, application/*+json, */*]
2015-07-24 13:14:11.387 DEBUG   --- [    Test worker] o.s.web.client.RestTemplate              : Writing [action=addAPISubscription&name=Naver&version=1.0.0&provider=apicreator&tier=Unlimited&applicationName=no_subscription_test_instance_id] as "application/x-www-form-urlencoded" using [org.springframework.http.converter.StringHttpMessageConverter@209b8f1d]
2015-07-24 13:14:11.418 DEBUG   --- [    Test worker] o.s.web.client.RestTemplate              : POST request for "http://115.68.46.28:9763/store/site/blocks/subscription/subscription-add/ajax/subscription-add.jag" resulted in 200 (OK)
2015-07-24 13:14:11.418 DEBUG   --- [    Test worker] o.s.web.client.RestTemplate              : Reading [java.lang.String] as "application/json;charset=UTF-8" using [org.springframework.http.converter.StringHttpMessageConverter@209b8f1d]
2015-07-24 13:14:11.418  INFO   --- [    Test worker] o.o.s.common.HttpClientUtils             : Get APIPlatform API Http Response
2015-07-24 13:14:11.418  INFO   --- [    Test worker] o.o.servicebroker.common.JsonUtils       : Json Convert completed
]]></system-out>
  <system-err><![CDATA[org.openpaas.servicebroker.exception.ServiceBrokerException: No Application
	at org.openpaas.servicebroker.apiplatform.common.ApiPlatformUtils.apiPlatformErrorMessageCheck(ApiPlatformUtils.java:57)
	at org.openpaas.servicebroker.apiplatform.common.APIPlatformAPI.removeApplication(APIPlatformAPI.java:56)
	at org.openpaas.servicebroker.apiplatform.test.UnbindingRestTest.init(UnbindingRestTest.java:64)
	at sun.reflect.NativeMethodAccessorImpl.invoke0(Native Method)
	at sun.reflect.NativeMethodAccessorImpl.invoke(NativeMethodAccessorImpl.java:57)
	at sun.reflect.DelegatingMethodAccessorImpl.invoke(DelegatingMethodAccessorImpl.java:43)
	at java.lang.reflect.Method.invoke(Method.java:606)
	at org.junit.runners.model.FrameworkMethod$1.runReflectiveCall(FrameworkMethod.java:50)
	at org.junit.internal.runners.model.ReflectiveCallable.run(ReflectiveCallable.java:12)
	at org.junit.runners.model.FrameworkMethod.invokeExplosively(FrameworkMethod.java:47)
	at org.junit.internal.runners.statements.RunBefores.evaluate(RunBefores.java:24)
	at org.junit.internal.runners.statements.RunAfters.evaluate(RunAfters.java:27)
	at org.junit.runners.ParentRunner.run(ParentRunner.java:363)
	at org.gradle.api.internal.tasks.testing.junit.JUnitTestClassExecuter.runTestClass(JUnitTestClassExecuter.java:86)
	at org.gradle.api.internal.tasks.testing.junit.JUnitTestClassExecuter.execute(JUnitTestClassExecuter.java:49)
	at org.gradle.api.internal.tasks.testing.junit.JUnitTestClassProcessor.processTestClass(JUnitTestClassProcessor.java:64)
	at org.gradle.api.internal.tasks.testing.SuiteTestClassProcessor.processTestClass(SuiteTestClassProcessor.java:50)
	at sun.reflect.NativeMethodAccessorImpl.invoke0(Native Method)
	at sun.reflect.NativeMethodAccessorImpl.invoke(NativeMethodAccessorImpl.java:57)
	at sun.reflect.DelegatingMethodAccessorImpl.invoke(DelegatingMethodAccessorImpl.java:43)
	at java.lang.reflect.Method.invoke(Method.java:606)
	at org.gradle.messaging.dispatch.ReflectionDispatch.dispatch(ReflectionDispatch.java:35)
	at org.gradle.messaging.dispatch.ReflectionDispatch.dispatch(ReflectionDispatch.java:24)
	at org.gradle.messaging.dispatch.ContextClassLoaderDispatch.dispatch(ContextClassLoaderDispatch.java:32)
	at org.gradle.messaging.dispatch.ProxyDispatchAdapter$DispatchingInvocationHandler.invoke(ProxyDispatchAdapter.java:93)
	at com.sun.proxy.$Proxy2.processTestClass(Unknown Source)
	at org.gradle.api.internal.tasks.testing.worker.TestWorker.processTestClass(TestWorker.java:106)
	at sun.reflect.NativeMethodAccessorImpl.invoke0(Native Method)
	at sun.reflect.NativeMethodAccessorImpl.invoke(NativeMethodAccessorImpl.java:57)
	at sun.reflect.DelegatingMethodAccessorImpl.invoke(DelegatingMethodAccessorImpl.java:43)
	at java.lang.reflect.Method.invoke(Method.java:606)
	at org.gradle.messaging.dispatch.ReflectionDispatch.dispatch(ReflectionDispatch.java:35)
	at org.gradle.messaging.dispatch.ReflectionDispatch.dispatch(ReflectionDispatch.java:24)
	at org.gradle.messaging.remote.internal.hub.MessageHub$Handler.run(MessageHub.java:360)
	at org.gradle.internal.concurrent.DefaultExecutorFactory$StoppableExecutorImpl$1.run(DefaultExecutorFactory.java:64)
	at java.util.concurrent.ThreadPoolExecutor.runWorker(ThreadPoolExecutor.java:1145)
	at java.util.concurrent.ThreadPoolExecutor$Worker.run(ThreadPoolExecutor.java:615)
	at java.lang.Thread.run(Thread.java:745)
org.openpaas.servicebroker.exception.ServiceBrokerException: Duplication
	at org.openpaas.servicebroker.apiplatform.common.ApiPlatformUtils.apiPlatformErrorMessageCheck(ApiPlatformUtils.java:37)
	at org.openpaas.servicebroker.apiplatform.common.APIPlatformAPI.addApplication(APIPlatformAPI.java:77)
	at org.openpaas.servicebroker.apiplatform.test.UnbindingRestTest.subscription_recover(UnbindingRestTest.java:413)
	at sun.reflect.NativeMethodAccessorImpl.invoke0(Native Method)
	at sun.reflect.NativeMethodAccessorImpl.invoke(NativeMethodAccessorImpl.java:57)
	at sun.reflect.DelegatingMethodAccessorImpl.invoke(DelegatingMethodAccessorImpl.java:43)
	at java.lang.reflect.Method.invoke(Method.java:606)
	at org.junit.runners.model.FrameworkMethod$1.runReflectiveCall(FrameworkMethod.java:50)
	at org.junit.internal.runners.model.ReflectiveCallable.run(ReflectiveCallable.java:12)
	at org.junit.runners.model.FrameworkMethod.invokeExplosively(FrameworkMethod.java:47)
	at org.junit.internal.runners.statements.RunAfters.evaluate(RunAfters.java:33)
	at org.junit.runners.ParentRunner.run(ParentRunner.java:363)
	at org.gradle.api.internal.tasks.testing.junit.JUnitTestClassExecuter.runTestClass(JUnitTestClassExecuter.java:86)
	at org.gradle.api.internal.tasks.testing.junit.JUnitTestClassExecuter.execute(JUnitTestClassExecuter.java:49)
	at org.gradle.api.internal.tasks.testing.junit.JUnitTestClassProcessor.processTestClass(JUnitTestClassProcessor.java:64)
	at org.gradle.api.internal.tasks.testing.SuiteTestClassProcessor.processTestClass(SuiteTestClassProcessor.java:50)
	at sun.reflect.NativeMethodAccessorImpl.invoke0(Native Method)
	at sun.reflect.NativeMethodAccessorImpl.invoke(NativeMethodAccessorImpl.java:57)
	at sun.reflect.DelegatingMethodAccessorImpl.invoke(DelegatingMethodAccessorImpl.java:43)
	at java.lang.reflect.Method.invoke(Method.java:606)
	at org.gradle.messaging.dispatch.ReflectionDispatch.dispatch(ReflectionDispatch.java:35)
	at org.gradle.messaging.dispatch.ReflectionDispatch.dispatch(ReflectionDispatch.java:24)
	at org.gradle.messaging.dispatch.ContextClassLoaderDispatch.dispatch(ContextClassLoaderDispatch.java:32)
	at org.gradle.messaging.dispatch.ProxyDispatchAdapter$DispatchingInvocationHandler.invoke(ProxyDispatchAdapter.java:93)
	at com.sun.proxy.$Proxy2.processTestClass(Unknown Source)
	at org.gradle.api.internal.tasks.testing.worker.TestWorker.processTestClass(TestWorker.java:106)
	at sun.reflect.NativeMethodAccessorImpl.invoke0(Native Method)
	at sun.reflect.NativeMethodAccessorImpl.invoke(NativeMethodAccessorImpl.java:57)
	at sun.reflect.DelegatingMethodAccessorImpl.invoke(DelegatingMethodAccessorImpl.java:43)
	at java.lang.reflect.Method.invoke(Method.java:606)
	at org.gradle.messaging.dispatch.ReflectionDispatch.dispatch(ReflectionDispatch.java:35)
	at org.gradle.messaging.dispatch.ReflectionDispatch.dispatch(ReflectionDispatch.java:24)
	at org.gradle.messaging.remote.internal.hub.MessageHub$Handler.run(MessageHub.java:360)
	at org.gradle.internal.concurrent.DefaultExecutorFactory$StoppableExecutorImpl$1.run(DefaultExecutorFactory.java:64)
	at java.util.concurrent.ThreadPoolExecutor.runWorker(ThreadPoolExecutor.java:1145)
	at java.util.concurrent.ThreadPoolExecutor$Worker.run(ThreadPoolExecutor.java:615)
	at java.lang.Thread.run(Thread.java:745)
]]></system-err>
</testsuite>
